# JRE version: Java(TM) SE Runtime Environment (8.0_371) (build 1.8.0_371-b11)
# Java VM: Java HotSpot(TM) 64-Bit Server VM (25.371-b11 mixed mode windows-amd64 compressed oops)
Heap:
 PSYoungGen      total 29696K, used 15496K [0x00000000ee980000, 0x00000000f1f80000, 0x0000000100000000)
  eden space 14848K, 72% used [0x00000000ee980000,0x00000000ef413a58,0x00000000ef800000)
  from space 14848K, 31% used [0x00000000f0600000,0x00000000f0a8e6b0,0x00000000f1480000)
  to   space 14336K, 0% used [0x00000000ef800000,0x00000000ef800000,0x00000000f0600000)
 ParOldGen       total 43520K, used 14243K [0x00000000cbc00000, 0x00000000ce680000, 0x00000000ee980000)
  object space 43520K, 32% used [0x00000000cbc00000,0x00000000cc9e8ce0,0x00000000ce680000)
 Metaspace       used 18830K, capacity 19086K, committed 19456K, reserved 1067008K
  class space    used 2370K, capacity 2449K, committed 2560K, reserved 1048576K
GC Heap History (10 events):
Event: 42.600 GC heap before
{Heap before GC invocations=5 (full 0):
 PSYoungGen      total 16384K, used 16282K [0x00000000ee980000, 0x00000000efb80000, 0x0000000100000000)
  eden space 14336K, 99% used [0x00000000ee980000,0x00000000ef76eba0,0x00000000ef780000)
  from space 2048K, 98% used [0x00000000ef980000,0x00000000efb78020,0x00000000efb80000)
  to   space 2048K, 0% used [0x00000000ef780000,0x00000000ef780000,0x00000000ef980000)
 ParOldGen       total 36864K, used 19558K [0x00000000cbc00000, 0x00000000ce000000, 0x00000000ee980000)
  object space 36864K, 53% used [0x00000000cbc00000,0x00000000ccf19a00,0x00000000ce000000)
 Metaspace       used 17747K, capacity 18008K, committed 18432K, reserved 1064960K
  class space    used 2194K, capacity 2278K, committed 2304K, reserved 1048576K
Event: 42.617 GC heap after
Heap after GC invocations=5 (full 0):
 PSYoungGen      total 16384K, used 2016K [0x00000000ee980000, 0x00000000f1880000, 0x0000000100000000)
  eden space 14336K, 0% used [0x00000000ee980000,0x00000000ee980000,0x00000000ef780000)
  from space 2048K, 98% used [0x00000000ef780000,0x00000000ef9782a8,0x00000000ef980000)
  to   space 16896K, 0% used [0x00000000f0800000,0x00000000f0800000,0x00000000f1880000)
 ParOldGen       total 36864K, used 23846K [0x00000000cbc00000, 0x00000000ce000000, 0x00000000ee980000)
  object space 36864K, 64% used [0x00000000cbc00000,0x00000000cd349b18,0x00000000ce000000)
 Metaspace       used 17747K, capacity 18008K, committed 18432K, reserved 1064960K
  class space    used 2194K, capacity 2278K, committed 2304K, reserved 1048576K
}
Event: 42.617 GC heap before
{Heap before GC invocations=6 (full 1):
 PSYoungGen      total 16384K, used 2016K [0x00000000ee980000, 0x00000000f1880000, 0x0000000100000000)
  eden space 14336K, 0% used [0x00000000ee980000,0x00000000ee980000,0x00000000ef780000)
  from space 2048K, 98% used [0x00000000ef780000,0x00000000ef9782a8,0x00000000ef980000)
  to   space 16896K, 0% used [0x00000000f0800000,0x00000000f0800000,0x00000000f1880000)
 ParOldGen       total 36864K, used 23846K [0x00000000cbc00000, 0x00000000ce000000, 0x00000000ee980000)
  object space 36864K, 64% used [0x00000000cbc00000,0x00000000cd349b18,0x00000000ce000000)
 Metaspace       used 17747K, capacity 18008K, committed 18432K, reserved 1064960K
  class space    used 2194K, capacity 2278K, committed 2304K, reserved 1048576K
Event: 42.704 GC heap after
Heap after GC invocations=6 (full 1):
 PSYoungGen      total 16384K, used 0K [0x00000000ee980000, 0x00000000f1880000, 0x0000000100000000)
  eden space 14336K, 0% used [0x00000000ee980000,0x00000000ee980000,0x00000000ef780000)
  from space 2048K, 0% used [0x00000000ef780000,0x00000000ef780000,0x00000000ef980000)
  to   space 16896K, 0% used [0x00000000f0800000,0x00000000f0800000,0x00000000f1880000)
 ParOldGen       total 43520K, used 14235K [0x00000000cbc00000, 0x00000000ce680000, 0x00000000ee980000)
  object space 43520K, 32% used [0x00000000cbc00000,0x00000000cc9e6ce0,0x00000000ce680000)
 Metaspace       used 17747K, capacity 18008K, committed 18432K, reserved 1064960K
  class space    used 2194K, capacity 2278K, committed 2304K, reserved 1048576K
}
Event: 42.843 GC heap before
{Heap before GC invocations=7 (full 1):
 PSYoungGen      total 16384K, used 14313K [0x00000000ee980000, 0x00000000f1880000, 0x0000000100000000)
  eden space 14336K, 99% used [0x00000000ee980000,0x00000000ef77a7f8,0x00000000ef780000)
  from space 2048K, 0% used [0x00000000ef780000,0x00000000ef780000,0x00000000ef980000)
  to   space 16896K, 0% used [0x00000000f0800000,0x00000000f0800000,0x00000000f1880000)
 ParOldGen       total 43520K, used 14235K [0x00000000cbc00000, 0x00000000ce680000, 0x00000000ee980000)
  object space 43520K, 32% used [0x00000000cbc00000,0x00000000cc9e6ce0,0x00000000ce680000)
 Metaspace       used 17747K, capacity 18008K, committed 18432K, reserved 1064960K
  class space    used 2194K, capacity 2278K, committed 2304K, reserved 1048576K
Event: 42.846 GC heap after
Heap after GC invocations=7 (full 1):
 PSYoungGen      total 29184K, used 5490K [0x00000000ee980000, 0x00000000f1680000, 0x0000000100000000)
  eden space 14336K, 0% used [0x00000000ee980000,0x00000000ee980000,0x00000000ef780000)
  from space 14848K, 36% used [0x00000000f0800000,0x00000000f0d5cad0,0x00000000f1680000)
  to   space 15872K, 0% used [0x00000000ef780000,0x00000000ef780000,0x00000000f0700000)
 ParOldGen       total 43520K, used 14235K [0x00000000cbc00000, 0x00000000ce680000, 0x00000000ee980000)
  object space 43520K, 32% used [0x00000000cbc00000,0x00000000cc9e6ce0,0x00000000ce680000)
 Metaspace       used 17747K, capacity 18008K, committed 18432K, reserved 1064960K
  class space    used 2194K, capacity 2278K, committed 2304K, reserved 1048576K
}
Event: 42.995 GC heap before
{Heap before GC invocations=8 (full 1):
 PSYoungGen      total 29184K, used 19699K [0x00000000ee980000, 0x00000000f1680000, 0x0000000100000000)
  eden space 14336K, 99% used [0x00000000ee980000,0x00000000ef760170,0x00000000ef780000)
  from space 14848K, 36% used [0x00000000f0800000,0x00000000f0d5cad0,0x00000000f1680000)
  to   space 15872K, 0% used [0x00000000ef780000,0x00000000ef780000,0x00000000f0700000)
 ParOldGen       total 43520K, used 14235K [0x00000000cbc00000, 0x00000000ce680000, 0x00000000ee980000)
  object space 43520K, 32% used [0x00000000cbc00000,0x00000000cc9e6ce0,0x00000000ce680000)
 Metaspace       used 17747K, capacity 18008K, committed 18432K, reserved 1064960K
  class space    used 2194K, capacity 2278K, committed 2304K, reserved 1048576K
Event: 42.997 GC heap after
Heap after GC invocations=8 (full 1):
 PSYoungGen      total 18432K, used 3840K [0x00000000ee980000, 0x00000000f1480000, 0x0000000100000000)
  eden space 14336K, 0% used [0x00000000ee980000,0x00000000ee980000,0x00000000ef780000)
  from space 4096K, 93% used [0x00000000ef780000,0x00000000efb40290,0x00000000efb80000)
  to   space 14848K, 0% used [0x00000000f0600000,0x00000000f0600000,0x00000000f1480000)
 ParOldGen       total 43520K, used 14243K [0x00000000cbc00000, 0x00000000ce680000, 0x00000000ee980000)
  object space 43520K, 32% used [0x00000000cbc00000,0x00000000cc9e8ce0,0x00000000ce680000)
 Metaspace       used 17747K, capacity 18008K, committed 18432K, reserved 1064960K
  class space    used 2194K, capacity 2278K, committed 2304K, reserved 1048576K
}
Event: 43.124 GC heap before
{Heap before GC invocations=9 (full 1):
 PSYoungGen      total 18432K, used 18149K [0x00000000ee980000, 0x00000000f1480000, 0x0000000100000000)
  eden space 14336K, 99% used [0x00000000ee980000,0x00000000ef7792f0,0x00000000ef780000)
  from space 4096K, 93% used [0x00000000ef780000,0x00000000efb40290,0x00000000efb80000)
  to   space 14848K, 0% used [0x00000000f0600000,0x00000000f0600000,0x00000000f1480000)
 ParOldGen       total 43520K, used 14243K [0x00000000cbc00000, 0x00000000ce680000, 0x00000000ee980000)
  object space 43520K, 32% used [0x00000000cbc00000,0x00000000cc9e8ce0,0x00000000ce680000)
 Metaspace       used 17747K, capacity 18008K, committed 18432K, reserved 1064960K
  class space    used 2194K, capacity 2278K, committed 2304K, reserved 1048576K
Event: 43.126 GC heap after
Heap after GC invocations=9 (full 1):
 PSYoungGen      total 29696K, used 4665K [0x00000000ee980000, 0x00000000f1f80000, 0x0000000100000000)
  eden space 14848K, 0% used [0x00000000ee980000,0x00000000ee980000,0x00000000ef800000)
  from space 14848K, 31% used [0x00000000f0600000,0x00000000f0a8e6b0,0x00000000f1480000)
  to   space 14336K, 0% used [0x00000000ef800000,0x00000000ef800000,0x00000000f0600000)
 ParOldGen       total 43520K, used 14243K [0x00000000cbc00000, 0x00000000ce680000, 0x00000000ee980000)
  object space 43520K, 32% used [0x00000000cbc00000,0x00000000cc9e8ce0,0x00000000ce680000)
 Metaspace       used 17747K, capacity 18008K, committed 18432K, reserved 1064960K
  class space    used 2194K, capacity 2278K, committed 2304K, reserved 1048576K
}

