# JRE version: Java(TM) SE Runtime Environment (8.0_371) (build 1.8.0_371-b11)
# Java VM: Java HotSpot(TM) 64-Bit Server VM (25.371-b11 mixed mode windows-amd64 compressed oops)
Heap:
 PSYoungGen      total 71168K, used 24182K [0x00000000ee980000, 0x00000000f3e80000, 0x0000000100000000)
  eden space 57344K, 39% used [0x00000000ee980000,0x00000000effd6890,0x00000000f2180000)
  from space 13824K, 9% used [0x00000000f3100000,0x00000000f3247170,0x00000000f3e80000)
  to   space 14848K, 0% used [0x00000000f2180000,0x00000000f2180000,0x00000000f3000000)
 ParOldGen       total 36864K, used 22875K [0x00000000cbc00000, 0x00000000ce000000, 0x00000000ee980000)
  object space 36864K, 62% used [0x00000000cbc00000,0x00000000cd256fb8,0x00000000ce000000)
 Metaspace       used 19725K, capacity 20026K, committed 20352K, reserved 1067008K
  class space    used 2492K, capacity 2577K, committed 2688K, reserved 1048576K
GC Heap History (10 events):
Event: 2.683 GC heap before
{Heap before GC invocations=4 (full 0):
 PSYoungGen      total 16384K, used 16236K [0x00000000ee980000, 0x00000000f0980000, 0x0000000100000000)
  eden space 14336K, 99% used [0x00000000ee980000,0x00000000ef75cf70,0x00000000ef780000)
  from space 2048K, 99% used [0x00000000ef780000,0x00000000ef97e488,0x00000000ef980000)
  to   space 2048K, 0% used [0x00000000f0780000,0x00000000f0780000,0x00000000f0980000)
 ParOldGen       total 36864K, used 19108K [0x00000000cbc00000, 0x00000000ce000000, 0x00000000ee980000)
  object space 36864K, 51% used [0x00000000cbc00000,0x00000000ccea90e0,0x00000000ce000000)
 Metaspace       used 18873K, capacity 19162K, committed 19456K, reserved 1067008K
  class space    used 2455K, capacity 2545K, committed 2560K, reserved 1048576K
Event: 2.690 GC heap after
Heap after GC invocations=4 (full 0):
 PSYoungGen      total 30720K, used 2041K [0x00000000ee980000, 0x00000000f0980000, 0x0000000100000000)
  eden space 28672K, 0% used [0x00000000ee980000,0x00000000ee980000,0x00000000f0580000)
  from space 2048K, 99% used [0x00000000f0780000,0x00000000f097e488,0x00000000f0980000)
  to   space 2048K, 0% used [0x00000000f0580000,0x00000000f0580000,0x00000000f0780000)
 ParOldGen       total 36864K, used 20136K [0x00000000cbc00000, 0x00000000ce000000, 0x00000000ee980000)
  object space 36864K, 54% used [0x00000000cbc00000,0x00000000ccfaa250,0x00000000ce000000)
 Metaspace       used 18873K, capacity 19162K, committed 19456K, reserved 1067008K
  class space    used 2455K, capacity 2545K, committed 2560K, reserved 1048576K
}
Event: 9.008 GC heap before
{Heap before GC invocations=5 (full 0):
 PSYoungGen      total 30720K, used 30695K [0x00000000ee980000, 0x00000000f0980000, 0x0000000100000000)
  eden space 28672K, 99% used [0x00000000ee980000,0x00000000f057b8d0,0x00000000f0580000)
  from space 2048K, 99% used [0x00000000f0780000,0x00000000f097e488,0x00000000f0980000)
  to   space 2048K, 0% used [0x00000000f0580000,0x00000000f0580000,0x00000000f0780000)
 ParOldGen       total 36864K, used 20136K [0x00000000cbc00000, 0x00000000ce000000, 0x00000000ee980000)
  object space 36864K, 54% used [0x00000000cbc00000,0x00000000ccfaa250,0x00000000ce000000)
 Metaspace       used 19359K, capacity 19642K, committed 20096K, reserved 1067008K
  class space    used 2488K, capacity 2577K, committed 2688K, reserved 1048576K
Event: 9.012 GC heap after
Heap after GC invocations=5 (full 0):
 PSYoungGen      total 30720K, used 2041K [0x00000000ee980000, 0x00000000f4080000, 0x0000000100000000)
  eden space 28672K, 0% used [0x00000000ee980000,0x00000000ee980000,0x00000000f0580000)
  from space 2048K, 99% used [0x00000000f0580000,0x00000000f077e488,0x00000000f0780000)
  to   space 15872K, 0% used [0x00000000f3100000,0x00000000f3100000,0x00000000f4080000)
 ParOldGen       total 36864K, used 21162K [0x00000000cbc00000, 0x00000000ce000000, 0x00000000ee980000)
  object space 36864K, 57% used [0x00000000cbc00000,0x00000000cd0aab20,0x00000000ce000000)
 Metaspace       used 19359K, capacity 19642K, committed 20096K, reserved 1067008K
  class space    used 2488K, capacity 2577K, committed 2688K, reserved 1048576K
}
Event: 9.266 GC heap before
{Heap before GC invocations=6 (full 0):
 PSYoungGen      total 30720K, used 30603K [0x00000000ee980000, 0x00000000f4080000, 0x0000000100000000)
  eden space 28672K, 99% used [0x00000000ee980000,0x00000000f0564848,0x00000000f0580000)
  from space 2048K, 99% used [0x00000000f0580000,0x00000000f077e488,0x00000000f0780000)
  to   space 15872K, 0% used [0x00000000f3100000,0x00000000f3100000,0x00000000f4080000)
 ParOldGen       total 36864K, used 21162K [0x00000000cbc00000, 0x00000000ce000000, 0x00000000ee980000)
  object space 36864K, 57% used [0x00000000cbc00000,0x00000000cd0aab20,0x00000000ce000000)
 Metaspace       used 19381K, capacity 19706K, committed 20096K, reserved 1067008K
  class space    used 2488K, capacity 2577K, committed 2688K, reserved 1048576K
Event: 9.271 GC heap after
Heap after GC invocations=6 (full 0):
 PSYoungGen      total 71168K, used 3227K [0x00000000ee980000, 0x00000000f3e80000, 0x0000000100000000)
  eden space 57344K, 0% used [0x00000000ee980000,0x00000000ee980000,0x00000000f2180000)
  from space 13824K, 23% used [0x00000000f3100000,0x00000000f3426ca8,0x00000000f3e80000)
  to   space 14848K, 0% used [0x00000000f2180000,0x00000000f2180000,0x00000000f3000000)
 ParOldGen       total 36864K, used 21170K [0x00000000cbc00000, 0x00000000ce000000, 0x00000000ee980000)
  object space 36864K, 57% used [0x00000000cbc00000,0x00000000cd0acb20,0x00000000ce000000)
 Metaspace       used 19381K, capacity 19706K, committed 20096K, reserved 1067008K
  class space    used 2488K, capacity 2577K, committed 2688K, reserved 1048576K
}
Event: 12.140 GC heap before
{Heap before GC invocations=7 (full 0):
 PSYoungGen      total 71168K, used 60470K [0x00000000ee980000, 0x00000000f3e80000, 0x0000000100000000)
  eden space 57344K, 99% used [0x00000000ee980000,0x00000000f2166be8,0x00000000f2180000)
  from space 13824K, 23% used [0x00000000f3100000,0x00000000f3426ca8,0x00000000f3e80000)
  to   space 14848K, 0% used [0x00000000f2180000,0x00000000f2180000,0x00000000f3000000)
 ParOldGen       total 36864K, used 21170K [0x00000000cbc00000, 0x00000000ce000000, 0x00000000ee980000)
  object space 36864K, 57% used [0x00000000cbc00000,0x00000000cd0acb20,0x00000000ce000000)
 Metaspace       used 19628K, capacity 19898K, committed 20352K, reserved 1067008K
  class space    used 2492K, capacity 2577K, committed 2688K, reserved 1048576K
Event: 12.147 GC heap after
Heap after GC invocations=7 (full 0):
 PSYoungGen      total 72192K, used 1308K [0x00000000ee980000, 0x00000000f3e80000, 0x0000000100000000)
  eden space 57344K, 0% used [0x00000000ee980000,0x00000000ee980000,0x00000000f2180000)
  from space 14848K, 8% used [0x00000000f2180000,0x00000000f22c7170,0x00000000f3000000)
  to   space 13824K, 0% used [0x00000000f3100000,0x00000000f3100000,0x00000000f3e80000)
 ParOldGen       total 36864K, used 22803K [0x00000000cbc00000, 0x00000000ce000000, 0x00000000ee980000)
  object space 36864K, 61% used [0x00000000cbc00000,0x00000000cd244fb8,0x00000000ce000000)
 Metaspace       used 19628K, capacity 19898K, committed 20352K, reserved 1067008K
  class space    used 2492K, capacity 2577K, committed 2688K, reserved 1048576K
}
Event: 13.710 GC heap before
{Heap before GC invocations=8 (full 0):
 PSYoungGen      total 72192K, used 58508K [0x00000000ee980000, 0x00000000f3e80000, 0x0000000100000000)
  eden space 57344K, 99% used [0x00000000ee980000,0x00000000f215bf18,0x00000000f2180000)
  from space 14848K, 8% used [0x00000000f2180000,0x00000000f22c7170,0x00000000f3000000)
  to   space 13824K, 0% used [0x00000000f3100000,0x00000000f3100000,0x00000000f3e80000)
 ParOldGen       total 36864K, used 22803K [0x00000000cbc00000, 0x00000000ce000000, 0x00000000ee980000)
  object space 36864K, 61% used [0x00000000cbc00000,0x00000000cd244fb8,0x00000000ce000000)
 Metaspace       used 19724K, capacity 20026K, committed 20352K, reserved 1067008K
  class space    used 2492K, capacity 2577K, committed 2688K, reserved 1048576K
Event: 13.712 GC heap after
Heap after GC invocations=8 (full 0):
 PSYoungGen      total 71168K, used 1308K [0x00000000ee980000, 0x00000000f3e80000, 0x0000000100000000)
  eden space 57344K, 0% used [0x00000000ee980000,0x00000000ee980000,0x00000000f2180000)
  from space 13824K, 9% used [0x00000000f3100000,0x00000000f3247170,0x00000000f3e80000)
  to   space 14848K, 0% used [0x00000000f2180000,0x00000000f2180000,0x00000000f3000000)
 ParOldGen       total 36864K, used 22875K [0x00000000cbc00000, 0x00000000ce000000, 0x00000000ee980000)
  object space 36864K, 62% used [0x00000000cbc00000,0x00000000cd256fb8,0x00000000ce000000)
 Metaspace       used 19724K, capacity 20026K, committed 20352K, reserved 1067008K
  class space    used 2492K, capacity 2577K, committed 2688K, reserved 1048576K
}

