# JRE version: Java(TM) SE Runtime Environment (8.0_371) (build 1.8.0_371-b11)
# Java VM: Java HotSpot(TM) 64-Bit Server VM (25.371-b11 mixed mode windows-amd64 compressed oops)
Heap:
 PSYoungGen      total 68096K, used 11093K [0x00000000ee980000, 0x00000000f3680000, 0x0000000100000000)
  eden space 57344K, 14% used [0x00000000ee980000,0x00000000ef1c67a0,0x00000000f2180000)
  from space 10752K, 24% used [0x00000000f2180000,0x00000000f240eed0,0x00000000f2c00000)
  to   space 10752K, 0% used [0x00000000f2c00000,0x00000000f2c00000,0x00000000f3680000)
 ParOldGen       total 36864K, used 28892K [0x00000000cbc00000, 0x00000000ce000000, 0x00000000ee980000)
  object space 36864K, 78% used [0x00000000cbc00000,0x00000000cd8370c8,0x00000000ce000000)
 Metaspace       used 20083K, capacity 20398K, committed 20864K, reserved 1067008K
  class space    used 2479K, capacity 2571K, committed 2688K, reserved 1048576K
GC Heap History (10 events):
Event: 20.142 GC heap before
{Heap before GC invocations=5 (full 0):
 PSYoungGen      total 16384K, used 15982K [0x00000000ee980000, 0x00000000efb80000, 0x0000000100000000)
  eden space 14336K, 97% used [0x00000000ee980000,0x00000000ef71ec50,0x00000000ef780000)
  from space 2048K, 99% used [0x00000000ef980000,0x00000000efb7cdd8,0x00000000efb80000)
  to   space 2048K, 0% used [0x00000000ef780000,0x00000000ef780000,0x00000000ef980000)
 ParOldGen       total 36864K, used 17544K [0x00000000cbc00000, 0x00000000ce000000, 0x00000000ee980000)
  object space 36864K, 47% used [0x00000000cbc00000,0x00000000ccd22110,0x00000000ce000000)
 Metaspace       used 19687K, capacity 20002K, committed 20224K, reserved 1067008K
  class space    used 2421K, capacity 2503K, committed 2560K, reserved 1048576K
Event: 20.151 GC heap after
Heap after GC invocations=5 (full 0):
 PSYoungGen      total 16384K, used 2035K [0x00000000ee980000, 0x00000000f1a80000, 0x0000000100000000)
  eden space 14336K, 0% used [0x00000000ee980000,0x00000000ee980000,0x00000000ef780000)
  from space 2048K, 99% used [0x00000000ef780000,0x00000000ef97cdd8,0x00000000ef980000)
  to   space 10752K, 0% used [0x00000000f1000000,0x00000000f1000000,0x00000000f1a80000)
 ParOldGen       total 36864K, used 25086K [0x00000000cbc00000, 0x00000000ce000000, 0x00000000ee980000)
  object space 36864K, 68% used [0x00000000cbc00000,0x00000000cd47f900,0x00000000ce000000)
 Metaspace       used 19687K, capacity 20002K, committed 20224K, reserved 1067008K
  class space    used 2421K, capacity 2503K, committed 2560K, reserved 1048576K
}
Event: 20.272 GC heap before
{Heap before GC invocations=6 (full 0):
 PSYoungGen      total 16384K, used 16286K [0x00000000ee980000, 0x00000000f1a80000, 0x0000000100000000)
  eden space 14336K, 99% used [0x00000000ee980000,0x00000000ef76add0,0x00000000ef780000)
  from space 2048K, 99% used [0x00000000ef780000,0x00000000ef97cdd8,0x00000000ef980000)
  to   space 10752K, 0% used [0x00000000f1000000,0x00000000f1000000,0x00000000f1a80000)
 ParOldGen       total 36864K, used 25086K [0x00000000cbc00000, 0x00000000ce000000, 0x00000000ee980000)
  object space 36864K, 68% used [0x00000000cbc00000,0x00000000cd47f900,0x00000000ce000000)
 Metaspace       used 19690K, capacity 20002K, committed 20224K, reserved 1067008K
  class space    used 2421K, capacity 2503K, committed 2560K, reserved 1048576K
Event: 20.279 GC heap after
Heap after GC invocations=6 (full 0):
 PSYoungGen      total 39424K, used 7888K [0x00000000ee980000, 0x00000000f1a80000, 0x0000000100000000)
  eden space 28672K, 0% used [0x00000000ee980000,0x00000000ee980000,0x00000000f0580000)
  from space 10752K, 73% used [0x00000000f1000000,0x00000000f17b42b8,0x00000000f1a80000)
  to   space 10752K, 0% used [0x00000000f0580000,0x00000000f0580000,0x00000000f1000000)
 ParOldGen       total 36864K, used 25086K [0x00000000cbc00000, 0x00000000ce000000, 0x00000000ee980000)
  object space 36864K, 68% used [0x00000000cbc00000,0x00000000cd47f900,0x00000000ce000000)
 Metaspace       used 19690K, capacity 20002K, committed 20224K, reserved 1067008K
  class space    used 2421K, capacity 2503K, committed 2560K, reserved 1048576K
}
Event: 20.853 GC heap before
{Heap before GC invocations=7 (full 0):
 PSYoungGen      total 39424K, used 36290K [0x00000000ee980000, 0x00000000f1a80000, 0x0000000100000000)
  eden space 28672K, 99% used [0x00000000ee980000,0x00000000f053c8c8,0x00000000f0580000)
  from space 10752K, 73% used [0x00000000f1000000,0x00000000f17b42b8,0x00000000f1a80000)
  to   space 10752K, 0% used [0x00000000f0580000,0x00000000f0580000,0x00000000f1000000)
 ParOldGen       total 36864K, used 25086K [0x00000000cbc00000, 0x00000000ce000000, 0x00000000ee980000)
  object space 36864K, 68% used [0x00000000cbc00000,0x00000000cd47f900,0x00000000ce000000)
 Metaspace       used 19704K, capacity 20002K, committed 20224K, reserved 1067008K
  class space    used 2423K, capacity 2503K, committed 2560K, reserved 1048576K
Event: 20.861 GC heap after
Heap after GC invocations=7 (full 0):
 PSYoungGen      total 39424K, used 5143K [0x00000000ee980000, 0x00000000f3680000, 0x0000000100000000)
  eden space 28672K, 0% used [0x00000000ee980000,0x00000000ee980000,0x00000000f0580000)
  from space 10752K, 47% used [0x00000000f0580000,0x00000000f0a85d80,0x00000000f1000000)
  to   space 10752K, 0% used [0x00000000f2c00000,0x00000000f2c00000,0x00000000f3680000)
 ParOldGen       total 36864K, used 26749K [0x00000000cbc00000, 0x00000000ce000000, 0x00000000ee980000)
  object space 36864K, 72% used [0x00000000cbc00000,0x00000000cd61f588,0x00000000ce000000)
 Metaspace       used 19704K, capacity 20002K, committed 20224K, reserved 1067008K
  class space    used 2423K, capacity 2503K, committed 2560K, reserved 1048576K
}
Event: 22.042 GC heap before
{Heap before GC invocations=8 (full 0):
 PSYoungGen      total 39424K, used 33596K [0x00000000ee980000, 0x00000000f3680000, 0x0000000100000000)
  eden space 28672K, 99% used [0x00000000ee980000,0x00000000f0549338,0x00000000f0580000)
  from space 10752K, 47% used [0x00000000f0580000,0x00000000f0a85d80,0x00000000f1000000)
  to   space 10752K, 0% used [0x00000000f2c00000,0x00000000f2c00000,0x00000000f3680000)
 ParOldGen       total 36864K, used 26749K [0x00000000cbc00000, 0x00000000ce000000, 0x00000000ee980000)
  object space 36864K, 72% used [0x00000000cbc00000,0x00000000cd61f588,0x00000000ce000000)
 Metaspace       used 20009K, capacity 20328K, committed 20864K, reserved 1067008K
  class space    used 2476K, capacity 2570K, committed 2688K, reserved 1048576K
Event: 22.046 GC heap after
Heap after GC invocations=8 (full 0):
 PSYoungGen      total 68096K, used 4935K [0x00000000ee980000, 0x00000000f3680000, 0x0000000100000000)
  eden space 57344K, 0% used [0x00000000ee980000,0x00000000ee980000,0x00000000f2180000)
  from space 10752K, 45% used [0x00000000f2c00000,0x00000000f30d1db0,0x00000000f3680000)
  to   space 10752K, 0% used [0x00000000f2180000,0x00000000f2180000,0x00000000f2c00000)
 ParOldGen       total 36864K, used 27123K [0x00000000cbc00000, 0x00000000ce000000, 0x00000000ee980000)
  object space 36864K, 73% used [0x00000000cbc00000,0x00000000cd67cdb8,0x00000000ce000000)
 Metaspace       used 20009K, capacity 20328K, committed 20864K, reserved 1067008K
  class space    used 2476K, capacity 2570K, committed 2688K, reserved 1048576K
}
Event: 22.572 GC heap before
{Heap before GC invocations=9 (full 0):
 PSYoungGen      total 68096K, used 61807K [0x00000000ee980000, 0x00000000f3680000, 0x0000000100000000)
  eden space 57344K, 99% used [0x00000000ee980000,0x00000000f210a1e0,0x00000000f2180000)
  from space 10752K, 45% used [0x00000000f2c00000,0x00000000f30d1db0,0x00000000f3680000)
  to   space 10752K, 0% used [0x00000000f2180000,0x00000000f2180000,0x00000000f2c00000)
 ParOldGen       total 36864K, used 27123K [0x00000000cbc00000, 0x00000000ce000000, 0x00000000ee980000)
  object space 36864K, 73% used [0x00000000cbc00000,0x00000000cd67cdb8,0x00000000ce000000)
 Metaspace       used 20019K, capacity 20328K, committed 20864K, reserved 1067008K
  class space    used 2476K, capacity 2570K, committed 2688K, reserved 1048576K
Event: 22.576 GC heap after
Heap after GC invocations=9 (full 0):
 PSYoungGen      total 68096K, used 2619K [0x00000000ee980000, 0x00000000f3680000, 0x0000000100000000)
  eden space 57344K, 0% used [0x00000000ee980000,0x00000000ee980000,0x00000000f2180000)
  from space 10752K, 24% used [0x00000000f2180000,0x00000000f240eed0,0x00000000f2c00000)
  to   space 10752K, 0% used [0x00000000f2c00000,0x00000000f2c00000,0x00000000f3680000)
 ParOldGen       total 36864K, used 28892K [0x00000000cbc00000, 0x00000000ce000000, 0x00000000ee980000)
  object space 36864K, 78% used [0x00000000cbc00000,0x00000000cd8370c8,0x00000000ce000000)
 Metaspace       used 20019K, capacity 20328K, committed 20864K, reserved 1067008K
  class space    used 2476K, capacity 2570K, committed 2688K, reserved 1048576K
}

