# JRE version: Java(TM) SE Runtime Environment (8.0_371) (build 1.8.0_371-b11)
# Java VM: Java HotSpot(TM) 64-Bit Server VM (25.371-b11 mixed mode windows-amd64 compressed oops)
Heap:
 PSYoungGen      total 66560K, used 13700K [0x00000000ee980000, 0x00000000f5480000, 0x0000000100000000)
  eden space 57344K, 16% used [0x00000000ee980000,0x00000000ef28e580,0x00000000f2180000)
  from space 9216K, 48% used [0x00000000f2180000,0x00000000f25d2c90,0x00000000f2a80000)
  to   space 8704K, 0% used [0x00000000f4c00000,0x00000000f4c00000,0x00000000f5480000)
 ParOldGen       total 36864K, used 18747K [0x00000000cbc00000, 0x00000000ce000000, 0x00000000ee980000)
  object space 36864K, 50% used [0x00000000cbc00000,0x00000000cce4eef8,0x00000000ce000000)
 Metaspace       used 17606K, capacity 17886K, committed 18176K, reserved 1064960K
  class space    used 2144K, capacity 2243K, committed 2304K, reserved 1048576K
GC Heap History (10 events):
Event: 16.928 GC heap before
{Heap before GC invocations=5 (full 0):
 PSYoungGen      total 16384K, used 16185K [0x00000000ee980000, 0x00000000f0980000, 0x0000000100000000)
  eden space 14336K, 98% used [0x00000000ee980000,0x00000000ef751a58,0x00000000ef780000)
  from space 2048K, 99% used [0x00000000ef980000,0x00000000efb7cc80,0x00000000efb80000)
  to   space 2048K, 0% used [0x00000000ef780000,0x00000000ef780000,0x00000000ef980000)
 ParOldGen       total 36864K, used 14711K [0x00000000cbc00000, 0x00000000ce000000, 0x00000000ee980000)
  object space 36864K, 39% used [0x00000000cbc00000,0x00000000cca5df38,0x00000000ce000000)
 Metaspace       used 14136K, capacity 14352K, committed 14720K, reserved 1062912K
  class space    used 1773K, capacity 1838K, committed 1920K, reserved 1048576K
Event: 16.932 GC heap after
Heap after GC invocations=5 (full 0):
 PSYoungGen      total 16384K, used 2035K [0x00000000ee980000, 0x00000000f1680000, 0x0000000100000000)
  eden space 14336K, 0% used [0x00000000ee980000,0x00000000ee980000,0x00000000ef780000)
  from space 2048K, 99% used [0x00000000ef780000,0x00000000ef97cc80,0x00000000ef980000)
  to   space 8704K, 0% used [0x00000000f0e00000,0x00000000f0e00000,0x00000000f1680000)
 ParOldGen       total 36864K, used 17220K [0x00000000cbc00000, 0x00000000ce000000, 0x00000000ee980000)
  object space 36864K, 46% used [0x00000000cbc00000,0x00000000cccd1348,0x00000000ce000000)
 Metaspace       used 14136K, capacity 14352K, committed 14720K, reserved 1062912K
  class space    used 1773K, capacity 1838K, committed 1920K, reserved 1048576K
}
Event: 17.031 GC heap before
{Heap before GC invocations=6 (full 0):
 PSYoungGen      total 16384K, used 16157K [0x00000000ee980000, 0x00000000f1680000, 0x0000000100000000)
  eden space 14336K, 98% used [0x00000000ee980000,0x00000000ef74a780,0x00000000ef780000)
  from space 2048K, 99% used [0x00000000ef780000,0x00000000ef97cc80,0x00000000ef980000)
  to   space 8704K, 0% used [0x00000000f0e00000,0x00000000f0e00000,0x00000000f1680000)
 ParOldGen       total 36864K, used 17220K [0x00000000cbc00000, 0x00000000ce000000, 0x00000000ee980000)
  object space 36864K, 46% used [0x00000000cbc00000,0x00000000cccd1348,0x00000000ce000000)
 Metaspace       used 14146K, capacity 14352K, committed 14720K, reserved 1062912K
  class space    used 1774K, capacity 1838K, committed 1920K, reserved 1048576K
Event: 17.035 GC heap after
Heap after GC invocations=6 (full 0):
 PSYoungGen      total 37376K, used 5052K [0x00000000ee980000, 0x00000000f1680000, 0x0000000100000000)
  eden space 28672K, 0% used [0x00000000ee980000,0x00000000ee980000,0x00000000f0580000)
  from space 8704K, 58% used [0x00000000f0e00000,0x00000000f12ef160,0x00000000f1680000)
  to   space 8704K, 0% used [0x00000000f0580000,0x00000000f0580000,0x00000000f0e00000)
 ParOldGen       total 36864K, used 17228K [0x00000000cbc00000, 0x00000000ce000000, 0x00000000ee980000)
  object space 36864K, 46% used [0x00000000cbc00000,0x00000000cccd3348,0x00000000ce000000)
 Metaspace       used 14146K, capacity 14352K, committed 14720K, reserved 1062912K
  class space    used 1774K, capacity 1838K, committed 1920K, reserved 1048576K
}
Event: 20.768 GC heap before
{Heap before GC invocations=7 (full 0):
 PSYoungGen      total 37376K, used 33724K [0x00000000ee980000, 0x00000000f1680000, 0x0000000100000000)
  eden space 28672K, 100% used [0x00000000ee980000,0x00000000f0580000,0x00000000f0580000)
  from space 8704K, 58% used [0x00000000f0e00000,0x00000000f12ef160,0x00000000f1680000)
  to   space 8704K, 0% used [0x00000000f0580000,0x00000000f0580000,0x00000000f0e00000)
 ParOldGen       total 36864K, used 17228K [0x00000000cbc00000, 0x00000000ce000000, 0x00000000ee980000)
  object space 36864K, 46% used [0x00000000cbc00000,0x00000000cccd3348,0x00000000ce000000)
 Metaspace       used 16425K, capacity 16656K, committed 17024K, reserved 1064960K
  class space    used 2029K, capacity 2112K, committed 2176K, reserved 1048576K
Event: 20.775 GC heap after
Heap after GC invocations=7 (full 0):
 PSYoungGen      total 37376K, used 1463K [0x00000000ee980000, 0x00000000f3380000, 0x0000000100000000)
  eden space 28672K, 0% used [0x00000000ee980000,0x00000000ee980000,0x00000000f0580000)
  from space 8704K, 16% used [0x00000000f0580000,0x00000000f06ede58,0x00000000f0e00000)
  to   space 9216K, 0% used [0x00000000f2a80000,0x00000000f2a80000,0x00000000f3380000)
 ParOldGen       total 36864K, used 18707K [0x00000000cbc00000, 0x00000000ce000000, 0x00000000ee980000)
  object space 36864K, 50% used [0x00000000cbc00000,0x00000000cce44ef8,0x00000000ce000000)
 Metaspace       used 16425K, capacity 16656K, committed 17024K, reserved 1064960K
  class space    used 2029K, capacity 2112K, committed 2176K, reserved 1048576K
}
Event: 21.115 GC heap before
{Heap before GC invocations=8 (full 0):
 PSYoungGen      total 37376K, used 30000K [0x00000000ee980000, 0x00000000f3380000, 0x0000000100000000)
  eden space 28672K, 99% used [0x00000000ee980000,0x00000000f055e490,0x00000000f0580000)
  from space 8704K, 16% used [0x00000000f0580000,0x00000000f06ede58,0x00000000f0e00000)
  to   space 9216K, 0% used [0x00000000f2a80000,0x00000000f2a80000,0x00000000f3380000)
 ParOldGen       total 36864K, used 18707K [0x00000000cbc00000, 0x00000000ce000000, 0x00000000ee980000)
  object space 36864K, 50% used [0x00000000cbc00000,0x00000000cce44ef8,0x00000000ce000000)
 Metaspace       used 17510K, capacity 17758K, committed 18176K, reserved 1064960K
  class space    used 2144K, capacity 2243K, committed 2304K, reserved 1048576K
Event: 21.120 GC heap after
Heap after GC invocations=8 (full 0):
 PSYoungGen      total 66560K, used 5970K [0x00000000ee980000, 0x00000000f3380000, 0x0000000100000000)
  eden space 57344K, 0% used [0x00000000ee980000,0x00000000ee980000,0x00000000f2180000)
  from space 9216K, 64% used [0x00000000f2a80000,0x00000000f3054bd0,0x00000000f3380000)
  to   space 9216K, 0% used [0x00000000f2180000,0x00000000f2180000,0x00000000f2a80000)
 ParOldGen       total 36864K, used 18731K [0x00000000cbc00000, 0x00000000ce000000, 0x00000000ee980000)
  object space 36864K, 50% used [0x00000000cbc00000,0x00000000cce4aef8,0x00000000ce000000)
 Metaspace       used 17510K, capacity 17758K, committed 18176K, reserved 1064960K
  class space    used 2144K, capacity 2243K, committed 2304K, reserved 1048576K
}
Event: 21.681 GC heap before
{Heap before GC invocations=9 (full 0):
 PSYoungGen      total 66560K, used 62911K [0x00000000ee980000, 0x00000000f3380000, 0x0000000100000000)
  eden space 57344K, 99% used [0x00000000ee980000,0x00000000f211b0f0,0x00000000f2180000)
  from space 9216K, 64% used [0x00000000f2a80000,0x00000000f3054bd0,0x00000000f3380000)
  to   space 9216K, 0% used [0x00000000f2180000,0x00000000f2180000,0x00000000f2a80000)
 ParOldGen       total 36864K, used 18731K [0x00000000cbc00000, 0x00000000ce000000, 0x00000000ee980000)
  object space 36864K, 50% used [0x00000000cbc00000,0x00000000cce4aef8,0x00000000ce000000)
 Metaspace       used 17568K, capacity 17822K, committed 18176K, reserved 1064960K
  class space    used 2144K, capacity 2243K, committed 2304K, reserved 1048576K
Event: 21.686 GC heap after
Heap after GC invocations=9 (full 0):
 PSYoungGen      total 66560K, used 4427K [0x00000000ee980000, 0x00000000f5480000, 0x0000000100000000)
  eden space 57344K, 0% used [0x00000000ee980000,0x00000000ee980000,0x00000000f2180000)
  from space 9216K, 48% used [0x00000000f2180000,0x00000000f25d2c90,0x00000000f2a80000)
  to   space 8704K, 0% used [0x00000000f4c00000,0x00000000f4c00000,0x00000000f5480000)
 ParOldGen       total 36864K, used 18747K [0x00000000cbc00000, 0x00000000ce000000, 0x00000000ee980000)
  object space 36864K, 50% used [0x00000000cbc00000,0x00000000cce4eef8,0x00000000ce000000)
 Metaspace       used 17568K, capacity 17822K, committed 18176K, reserved 1064960K
  class space    used 2144K, capacity 2243K, committed 2304K, reserved 1048576K
}

