# JRE version: Java(TM) SE Runtime Environment (8.0_371) (build 1.8.0_371-b11)
# Java VM: Java HotSpot(TM) 64-Bit Server VM (25.371-b11 mixed mode windows-amd64 compressed oops)
Heap:
 PSYoungGen      total 71680K, used 43603K [0x00000000ee980000, 0x00000000f7580000, 0x0000000100000000)
  eden space 57344K, 74% used [0x00000000ee980000,0x00000000f1349fa0,0x00000000f2180000)
  from space 14336K, 5% used [0x00000000f2180000,0x00000000f224ad60,0x00000000f2f80000)
  to   space 14336K, 0% used [0x00000000f6780000,0x00000000f6780000,0x00000000f7580000)
 ParOldGen       total 36864K, used 22520K [0x00000000cbc00000, 0x00000000ce000000, 0x00000000ee980000)
  object space 36864K, 61% used [0x00000000cbc00000,0x00000000cd1fe2d8,0x00000000ce000000)
 Metaspace       used 19723K, capacity 20026K, committed 20352K, reserved 1067008K
  class space    used 2495K, capacity 2577K, committed 2688K, reserved 1048576K
GC Heap History (10 events):
Event: 3.541 GC heap before
{Heap before GC invocations=3 (full 0):
 PSYoungGen      total 16384K, used 16267K [0x00000000ee980000, 0x00000000efb80000, 0x0000000100000000)
  eden space 14336K, 99% used [0x00000000ee980000,0x00000000ef765d30,0x00000000ef780000)
  from space 2048K, 99% used [0x00000000ef980000,0x00000000efb7d080,0x00000000efb80000)
  to   space 2048K, 0% used [0x00000000ef780000,0x00000000ef780000,0x00000000ef980000)
 ParOldGen       total 36864K, used 5276K [0x00000000cbc00000, 0x00000000ce000000, 0x00000000ee980000)
  object space 36864K, 14% used [0x00000000cbc00000,0x00000000cc1270e8,0x00000000ce000000)
 Metaspace       used 18886K, capacity 19162K, committed 19456K, reserved 1067008K
  class space    used 2455K, capacity 2545K, committed 2560K, reserved 1048576K
Event: 3.552 GC heap after
Heap after GC invocations=3 (full 0):
 PSYoungGen      total 16384K, used 2035K [0x00000000ee980000, 0x00000000f0980000, 0x0000000100000000)
  eden space 14336K, 0% used [0x00000000ee980000,0x00000000ee980000,0x00000000ef780000)
  from space 2048K, 99% used [0x00000000ef780000,0x00000000ef97cdd8,0x00000000ef980000)
  to   space 2048K, 0% used [0x00000000f0780000,0x00000000f0780000,0x00000000f0980000)
 ParOldGen       total 36864K, used 18183K [0x00000000cbc00000, 0x00000000ce000000, 0x00000000ee980000)
  object space 36864K, 49% used [0x00000000cbc00000,0x00000000ccdc1d68,0x00000000ce000000)
 Metaspace       used 18886K, capacity 19162K, committed 19456K, reserved 1067008K
  class space    used 2455K, capacity 2545K, committed 2560K, reserved 1048576K
}
Event: 3.654 GC heap before
{Heap before GC invocations=4 (full 0):
 PSYoungGen      total 16384K, used 16284K [0x00000000ee980000, 0x00000000f0980000, 0x0000000100000000)
  eden space 14336K, 99% used [0x00000000ee980000,0x00000000ef76a288,0x00000000ef780000)
  from space 2048K, 99% used [0x00000000ef780000,0x00000000ef97cdd8,0x00000000ef980000)
  to   space 2048K, 0% used [0x00000000f0780000,0x00000000f0780000,0x00000000f0980000)
 ParOldGen       total 36864K, used 18183K [0x00000000cbc00000, 0x00000000ce000000, 0x00000000ee980000)
  object space 36864K, 49% used [0x00000000cbc00000,0x00000000ccdc1d68,0x00000000ce000000)
 Metaspace       used 18899K, capacity 19226K, committed 19456K, reserved 1067008K
  class space    used 2455K, capacity 2545K, committed 2560K, reserved 1048576K
Event: 3.658 GC heap after
Heap after GC invocations=4 (full 0):
 PSYoungGen      total 30720K, used 2019K [0x00000000ee980000, 0x00000000f0980000, 0x0000000100000000)
  eden space 28672K, 0% used [0x00000000ee980000,0x00000000ee980000,0x00000000f0580000)
  from space 2048K, 98% used [0x00000000f0780000,0x00000000f0978de8,0x00000000f0980000)
  to   space 2048K, 0% used [0x00000000f0580000,0x00000000f0580000,0x00000000f0780000)
 ParOldGen       total 36864K, used 19377K [0x00000000cbc00000, 0x00000000ce000000, 0x00000000ee980000)
  object space 36864K, 52% used [0x00000000cbc00000,0x00000000cceec588,0x00000000ce000000)
 Metaspace       used 18899K, capacity 19226K, committed 19456K, reserved 1067008K
  class space    used 2455K, capacity 2545K, committed 2560K, reserved 1048576K
}
Event: 5.654 GC heap before
{Heap before GC invocations=5 (full 0):
 PSYoungGen      total 30720K, used 30553K [0x00000000ee980000, 0x00000000f0980000, 0x0000000100000000)
  eden space 28672K, 99% used [0x00000000ee980000,0x00000000f055d798,0x00000000f0580000)
  from space 2048K, 98% used [0x00000000f0780000,0x00000000f0978de8,0x00000000f0980000)
  to   space 2048K, 0% used [0x00000000f0580000,0x00000000f0580000,0x00000000f0780000)
 ParOldGen       total 36864K, used 19377K [0x00000000cbc00000, 0x00000000ce000000, 0x00000000ee980000)
  object space 36864K, 52% used [0x00000000cbc00000,0x00000000cceec588,0x00000000ce000000)
 Metaspace       used 19021K, capacity 19290K, committed 19456K, reserved 1067008K
  class space    used 2458K, capacity 2545K, committed 2560K, reserved 1048576K
Event: 5.663 GC heap after
Heap after GC invocations=5 (full 0):
 PSYoungGen      total 30720K, used 2035K [0x00000000ee980000, 0x00000000f3e80000, 0x0000000100000000)
  eden space 28672K, 0% used [0x00000000ee980000,0x00000000ee980000,0x00000000f0580000)
  from space 2048K, 99% used [0x00000000f0580000,0x00000000f077cdd8,0x00000000f0780000)
  to   space 14848K, 0% used [0x00000000f3000000,0x00000000f3000000,0x00000000f3e80000)
 ParOldGen       total 36864K, used 20606K [0x00000000cbc00000, 0x00000000ce000000, 0x00000000ee980000)
  object space 36864K, 55% used [0x00000000cbc00000,0x00000000cd01fb78,0x00000000ce000000)
 Metaspace       used 19021K, capacity 19290K, committed 19456K, reserved 1067008K
  class space    used 2458K, capacity 2545K, committed 2560K, reserved 1048576K
}
Event: 5.927 GC heap before
{Heap before GC invocations=6 (full 0):
 PSYoungGen      total 30720K, used 30549K [0x00000000ee980000, 0x00000000f3e80000, 0x0000000100000000)
  eden space 28672K, 99% used [0x00000000ee980000,0x00000000f0558668,0x00000000f0580000)
  from space 2048K, 99% used [0x00000000f0580000,0x00000000f077cdd8,0x00000000f0780000)
  to   space 14848K, 0% used [0x00000000f3000000,0x00000000f3000000,0x00000000f3e80000)
 ParOldGen       total 36864K, used 20606K [0x00000000cbc00000, 0x00000000ce000000, 0x00000000ee980000)
  object space 36864K, 55% used [0x00000000cbc00000,0x00000000cd01fb78,0x00000000ce000000)
 Metaspace       used 19043K, capacity 19354K, committed 19712K, reserved 1067008K
  class space    used 2459K, capacity 2545K, committed 2560K, reserved 1048576K
Event: 5.933 GC heap after
Heap after GC invocations=6 (full 0):
 PSYoungGen      total 71168K, used 3237K [0x00000000ee980000, 0x00000000f3d80000, 0x0000000100000000)
  eden space 57344K, 0% used [0x00000000ee980000,0x00000000ee980000,0x00000000f2180000)
  from space 13824K, 23% used [0x00000000f3000000,0x00000000f3329608,0x00000000f3d80000)
  to   space 14336K, 0% used [0x00000000f2180000,0x00000000f2180000,0x00000000f2f80000)
 ParOldGen       total 36864K, used 20606K [0x00000000cbc00000, 0x00000000ce000000, 0x00000000ee980000)
  object space 36864K, 55% used [0x00000000cbc00000,0x00000000cd01fb78,0x00000000ce000000)
 Metaspace       used 19043K, capacity 19354K, committed 19712K, reserved 1067008K
  class space    used 2459K, capacity 2545K, committed 2560K, reserved 1048576K
}
Event: 9.219 GC heap before
{Heap before GC invocations=7 (full 0):
 PSYoungGen      total 71168K, used 60390K [0x00000000ee980000, 0x00000000f3d80000, 0x0000000100000000)
  eden space 57344K, 99% used [0x00000000ee980000,0x00000000f21502a0,0x00000000f2180000)
  from space 13824K, 23% used [0x00000000f3000000,0x00000000f3329608,0x00000000f3d80000)
  to   space 14336K, 0% used [0x00000000f2180000,0x00000000f2180000,0x00000000f2f80000)
 ParOldGen       total 36864K, used 20606K [0x00000000cbc00000, 0x00000000ce000000, 0x00000000ee980000)
  object space 36864K, 55% used [0x00000000cbc00000,0x00000000cd01fb78,0x00000000ce000000)
 Metaspace       used 19538K, capacity 19834K, committed 20096K, reserved 1067008K
  class space    used 2495K, capacity 2577K, committed 2688K, reserved 1048576K
Event: 9.226 GC heap after
Heap after GC invocations=7 (full 0):
 PSYoungGen      total 71680K, used 811K [0x00000000ee980000, 0x00000000f7580000, 0x0000000100000000)
  eden space 57344K, 0% used [0x00000000ee980000,0x00000000ee980000,0x00000000f2180000)
  from space 14336K, 5% used [0x00000000f2180000,0x00000000f224ad60,0x00000000f2f80000)
  to   space 14336K, 0% used [0x00000000f6780000,0x00000000f6780000,0x00000000f7580000)
 ParOldGen       total 36864K, used 22520K [0x00000000cbc00000, 0x00000000ce000000, 0x00000000ee980000)
  object space 36864K, 61% used [0x00000000cbc00000,0x00000000cd1fe2d8,0x00000000ce000000)
 Metaspace       used 19538K, capacity 19834K, committed 20096K, reserved 1067008K
  class space    used 2495K, capacity 2577K, committed 2688K, reserved 1048576K
}

