# JRE version: Java(TM) SE Runtime Environment (8.0_371) (build 1.8.0_371-b11)
# Java VM: Java HotSpot(TM) 64-Bit Server VM (25.371-b11 mixed mode windows-amd64 compressed oops)
Heap:
 PSYoungGen      total 16384K, used 14218K [0x00000000ee980000, 0x00000000efb80000, 0x0000000100000000)
  eden space 14336K, 84% used [0x00000000ee980000,0x00000000ef565a70,0x00000000ef780000)
  from space 2048K, 99% used [0x00000000ef980000,0x00000000efb7cdf8,0x00000000efb80000)
  to   space 2048K, 0% used [0x00000000ef780000,0x00000000ef780000,0x00000000ef980000)
 ParOldGen       total 36864K, used 9207K [0x00000000cbc00000, 0x00000000ce000000, 0x00000000ee980000)
  object space 36864K, 24% used [0x00000000cbc00000,0x00000000cc4fdf98,0x00000000ce000000)
 Metaspace       used 19598K, capacity 19910K, committed 20352K, reserved 1067008K
  class space    used 2500K, capacity 2601K, committed 2688K, reserved 1048576K
GC Heap History (4 events):
Event: 4.644 GC heap before
{Heap before GC invocations=1 (full 0):
 PSYoungGen      total 16384K, used 14336K [0x00000000ee980000, 0x00000000efb80000, 0x0000000100000000)
  eden space 14336K, 100% used [0x00000000ee980000,0x00000000ef780000,0x00000000ef780000)
  from space 2048K, 0% used [0x00000000ef980000,0x00000000ef980000,0x00000000efb80000)
  to   space 2048K, 0% used [0x00000000ef780000,0x00000000ef780000,0x00000000ef980000)
 ParOldGen       total 36864K, used 0K [0x00000000cbc00000, 0x00000000ce000000, 0x00000000ee980000)
  object space 36864K, 0% used [0x00000000cbc00000,0x00000000cbc00000,0x00000000ce000000)
 Metaspace       used 15552K, capacity 15870K, committed 16000K, reserved 1062912K
  class space    used 2077K, capacity 2175K, committed 2176K, reserved 1048576K
Event: 4.651 GC heap after
Heap after GC invocations=1 (full 0):
 PSYoungGen      total 16384K, used 2016K [0x00000000ee980000, 0x00000000efb80000, 0x0000000100000000)
  eden space 14336K, 0% used [0x00000000ee980000,0x00000000ee980000,0x00000000ef780000)
  from space 2048K, 98% used [0x00000000ef780000,0x00000000ef978020,0x00000000ef980000)
  to   space 2048K, 0% used [0x00000000ef980000,0x00000000ef980000,0x00000000efb80000)
 ParOldGen       total 36864K, used 2036K [0x00000000cbc00000, 0x00000000ce000000, 0x00000000ee980000)
  object space 36864K, 5% used [0x00000000cbc00000,0x00000000cbdfd100,0x00000000ce000000)
 Metaspace       used 15552K, capacity 15870K, committed 16000K, reserved 1062912K
  class space    used 2077K, capacity 2175K, committed 2176K, reserved 1048576K
}
Event: 6.147 GC heap before
{Heap before GC invocations=2 (full 0):
 PSYoungGen      total 16384K, used 16352K [0x00000000ee980000, 0x00000000efb80000, 0x0000000100000000)
  eden space 14336K, 100% used [0x00000000ee980000,0x00000000ef780000,0x00000000ef780000)
  from space 2048K, 98% used [0x00000000ef780000,0x00000000ef978020,0x00000000ef980000)
  to   space 2048K, 0% used [0x00000000ef980000,0x00000000ef980000,0x00000000efb80000)
 ParOldGen       total 36864K, used 2036K [0x00000000cbc00000, 0x00000000ce000000, 0x00000000ee980000)
  object space 36864K, 5% used [0x00000000cbc00000,0x00000000cbdfd100,0x00000000ce000000)
 Metaspace       used 18539K, capacity 18882K, committed 19200K, reserved 1067008K
  class space    used 2426K, capacity 2537K, committed 2560K, reserved 1048576K
Event: 6.155 GC heap after
Heap after GC invocations=2 (full 0):
 PSYoungGen      total 16384K, used 2035K [0x00000000ee980000, 0x00000000efb80000, 0x0000000100000000)
  eden space 14336K, 0% used [0x00000000ee980000,0x00000000ee980000,0x00000000ef780000)
  from space 2048K, 99% used [0x00000000ef980000,0x00000000efb7cdf8,0x00000000efb80000)
  to   space 2048K, 0% used [0x00000000ef780000,0x00000000ef780000,0x00000000ef980000)
 ParOldGen       total 36864K, used 9207K [0x00000000cbc00000, 0x00000000ce000000, 0x00000000ee980000)
  object space 36864K, 24% used [0x00000000cbc00000,0x00000000cc4fdf98,0x00000000ce000000)
 Metaspace       used 18539K, capacity 18882K, committed 19200K, reserved 1067008K
  class space    used 2426K, capacity 2537K, committed 2560K, reserved 1048576K
}

