# JRE version: Java(TM) SE Runtime Environment (8.0_371) (build 1.8.0_371-b11)
# Java VM: Java HotSpot(TM) 64-Bit Server VM (25.371-b11 mixed mode windows-amd64 compressed oops)
Heap:
 PSYoungGen      total 56320K, used 37059K [0x00000000ee980000, 0x00000000f2900000, 0x0000000100000000)
  eden space 47616K, 69% used [0x00000000ee980000,0x00000000f099bd98,0x00000000f1800000)
  from space 8704K, 48% used [0x00000000f1800000,0x00000000f1c151d0,0x00000000f2080000)
  to   space 8192K, 0% used [0x00000000f2100000,0x00000000f2100000,0x00000000f2900000)
 ParOldGen       total 36864K, used 19697K [0x00000000cbc00000, 0x00000000ce000000, 0x00000000ee980000)
  object space 36864K, 53% used [0x00000000cbc00000,0x00000000ccf3c6d8,0x00000000ce000000)
 Metaspace       used 19937K, capacity 20260K, committed 20608K, reserved 1067008K
  class space    used 2477K, capacity 2570K, committed 2688K, reserved 1048576K
GC Heap History (10 events):
Event: 39.745 GC heap before
{Heap before GC invocations=7 (full 0):
 PSYoungGen      total 25088K, used 20905K [0x00000000ee980000, 0x00000000f1880000, 0x0000000100000000)
  eden space 14848K, 99% used [0x00000000ee980000,0x00000000ef7eda50,0x00000000ef800000)
  from space 10240K, 59% used [0x00000000f0180000,0x00000000f077cc68,0x00000000f0b80000)
  to   space 9728K, 0% used [0x00000000ef800000,0x00000000ef800000,0x00000000f0180000)
 ParOldGen       total 36864K, used 15662K [0x00000000cbc00000, 0x00000000ce000000, 0x00000000ee980000)
  object space 36864K, 42% used [0x00000000cbc00000,0x00000000ccb4baa0,0x00000000ce000000)
 Metaspace       used 19583K, capacity 19870K, committed 20224K, reserved 1067008K
  class space    used 2422K, capacity 2503K, committed 2560K, reserved 1048576K
Event: 39.752 GC heap after
Heap after GC invocations=7 (full 0):
 PSYoungGen      total 24576K, used 5111K [0x00000000ee980000, 0x00000000f1880000, 0x0000000100000000)
  eden space 14848K, 0% used [0x00000000ee980000,0x00000000ee980000,0x00000000ef800000)
  from space 9728K, 52% used [0x00000000ef800000,0x00000000efcfdd80,0x00000000f0180000)
  to   space 9216K, 0% used [0x00000000f0f80000,0x00000000f0f80000,0x00000000f1880000)
 ParOldGen       total 36864K, used 17322K [0x00000000cbc00000, 0x00000000ce000000, 0x00000000ee980000)
  object space 36864K, 46% used [0x00000000cbc00000,0x00000000ccceaba0,0x00000000ce000000)
 Metaspace       used 19583K, capacity 19870K, committed 20224K, reserved 1067008K
  class space    used 2422K, capacity 2503K, committed 2560K, reserved 1048576K
}
Event: 42.286 GC heap before
{Heap before GC invocations=8 (full 0):
 PSYoungGen      total 24576K, used 19728K [0x00000000ee980000, 0x00000000f1880000, 0x0000000100000000)
  eden space 14848K, 98% used [0x00000000ee980000,0x00000000ef7c6538,0x00000000ef800000)
  from space 9728K, 52% used [0x00000000ef800000,0x00000000efcfdd80,0x00000000f0180000)
  to   space 9216K, 0% used [0x00000000f0f80000,0x00000000f0f80000,0x00000000f1880000)
 ParOldGen       total 36864K, used 17322K [0x00000000cbc00000, 0x00000000ce000000, 0x00000000ee980000)
  object space 36864K, 46% used [0x00000000cbc00000,0x00000000ccceaba0,0x00000000ce000000)
 Metaspace       used 19597K, capacity 19870K, committed 20224K, reserved 1067008K
  class space    used 2423K, capacity 2503K, committed 2560K, reserved 1048576K
Event: 42.290 GC heap after
Heap after GC invocations=8 (full 0):
 PSYoungGen      total 37888K, used 5370K [0x00000000ee980000, 0x00000000f1780000, 0x0000000100000000)
  eden space 29696K, 0% used [0x00000000ee980000,0x00000000ee980000,0x00000000f0680000)
  from space 8192K, 65% used [0x00000000f0f80000,0x00000000f14be930,0x00000000f1780000)
  to   space 8704K, 0% used [0x00000000f0680000,0x00000000f0680000,0x00000000f0f00000)
 ParOldGen       total 36864K, used 17705K [0x00000000cbc00000, 0x00000000ce000000, 0x00000000ee980000)
  object space 36864K, 48% used [0x00000000cbc00000,0x00000000ccd4a668,0x00000000ce000000)
 Metaspace       used 19597K, capacity 19870K, committed 20224K, reserved 1067008K
  class space    used 2423K, capacity 2503K, committed 2560K, reserved 1048576K
}
Event: 42.583 GC heap before
{Heap before GC invocations=9 (full 0):
 PSYoungGen      total 37888K, used 34977K [0x00000000ee980000, 0x00000000f1780000, 0x0000000100000000)
  eden space 29696K, 99% used [0x00000000ee980000,0x00000000f0669e78,0x00000000f0680000)
  from space 8192K, 65% used [0x00000000f0f80000,0x00000000f14be930,0x00000000f1780000)
  to   space 8704K, 0% used [0x00000000f0680000,0x00000000f0680000,0x00000000f0f00000)
 ParOldGen       total 36864K, used 17705K [0x00000000cbc00000, 0x00000000ce000000, 0x00000000ee980000)
  object space 36864K, 48% used [0x00000000cbc00000,0x00000000ccd4a668,0x00000000ce000000)
 Metaspace       used 19906K, capacity 20196K, committed 20608K, reserved 1067008K
  class space    used 2476K, capacity 2570K, committed 2688K, reserved 1048576K
Event: 42.586 GC heap after
Heap after GC invocations=9 (full 0):
 PSYoungGen      total 38400K, used 2603K [0x00000000ee980000, 0x00000000f2a00000, 0x0000000100000000)
  eden space 29696K, 0% used [0x00000000ee980000,0x00000000ee980000,0x00000000f0680000)
  from space 8704K, 29% used [0x00000000f0680000,0x00000000f090aee0,0x00000000f0f00000)
  to   space 9216K, 0% used [0x00000000f2100000,0x00000000f2100000,0x00000000f2a00000)
 ParOldGen       total 36864K, used 19466K [0x00000000cbc00000, 0x00000000ce000000, 0x00000000ee980000)
  object space 36864K, 52% used [0x00000000cbc00000,0x00000000ccf02978,0x00000000ce000000)
 Metaspace       used 19906K, capacity 20196K, committed 20608K, reserved 1067008K
  class space    used 2476K, capacity 2570K, committed 2688K, reserved 1048576K
}
Event: 42.780 GC heap before
{Heap before GC invocations=10 (full 0):
 PSYoungGen      total 38400K, used 32153K [0x00000000ee980000, 0x00000000f2a00000, 0x0000000100000000)
  eden space 29696K, 99% used [0x00000000ee980000,0x00000000f065b690,0x00000000f0680000)
  from space 8704K, 29% used [0x00000000f0680000,0x00000000f090aee0,0x00000000f0f00000)
  to   space 9216K, 0% used [0x00000000f2100000,0x00000000f2100000,0x00000000f2a00000)
 ParOldGen       total 36864K, used 19466K [0x00000000cbc00000, 0x00000000ce000000, 0x00000000ee980000)
  object space 36864K, 52% used [0x00000000cbc00000,0x00000000ccf02978,0x00000000ce000000)
 Metaspace       used 19910K, capacity 20196K, committed 20608K, reserved 1067008K
  class space    used 2476K, capacity 2570K, committed 2688K, reserved 1048576K
Event: 42.783 GC heap after
Heap after GC invocations=10 (full 0):
 PSYoungGen      total 55808K, used 4356K [0x00000000ee980000, 0x00000000f2900000, 0x0000000100000000)
  eden space 47616K, 0% used [0x00000000ee980000,0x00000000ee980000,0x00000000f1800000)
  from space 8192K, 53% used [0x00000000f2100000,0x00000000f25411e0,0x00000000f2900000)
  to   space 8704K, 0% used [0x00000000f1800000,0x00000000f1800000,0x00000000f2080000)
 ParOldGen       total 36864K, used 19490K [0x00000000cbc00000, 0x00000000ce000000, 0x00000000ee980000)
  object space 36864K, 52% used [0x00000000cbc00000,0x00000000ccf08978,0x00000000ce000000)
 Metaspace       used 19910K, capacity 20196K, committed 20608K, reserved 1067008K
  class space    used 2476K, capacity 2570K, committed 2688K, reserved 1048576K
}
Event: 43.122 GC heap before
{Heap before GC invocations=11 (full 0):
 PSYoungGen      total 55808K, used 51634K [0x00000000ee980000, 0x00000000f2900000, 0x0000000100000000)
  eden space 47616K, 99% used [0x00000000ee980000,0x00000000f17ab7f8,0x00000000f1800000)
  from space 8192K, 53% used [0x00000000f2100000,0x00000000f25411e0,0x00000000f2900000)
  to   space 8704K, 0% used [0x00000000f1800000,0x00000000f1800000,0x00000000f2080000)
 ParOldGen       total 36864K, used 19490K [0x00000000cbc00000, 0x00000000ce000000, 0x00000000ee980000)
  object space 36864K, 52% used [0x00000000cbc00000,0x00000000ccf08978,0x00000000ce000000)
 Metaspace       used 19912K, capacity 20196K, committed 20608K, reserved 1067008K
  class space    used 2476K, capacity 2570K, committed 2688K, reserved 1048576K
Event: 43.125 GC heap after
Heap after GC invocations=11 (full 0):
 PSYoungGen      total 56320K, used 4180K [0x00000000ee980000, 0x00000000f2900000, 0x0000000100000000)
  eden space 47616K, 0% used [0x00000000ee980000,0x00000000ee980000,0x00000000f1800000)
  from space 8704K, 48% used [0x00000000f1800000,0x00000000f1c151d0,0x00000000f2080000)
  to   space 8192K, 0% used [0x00000000f2100000,0x00000000f2100000,0x00000000f2900000)
 ParOldGen       total 36864K, used 19697K [0x00000000cbc00000, 0x00000000ce000000, 0x00000000ee980000)
  object space 36864K, 53% used [0x00000000cbc00000,0x00000000ccf3c6d8,0x00000000ce000000)
 Metaspace       used 19912K, capacity 20196K, committed 20608K, reserved 1067008K
  class space    used 2476K, capacity 2570K, committed 2688K, reserved 1048576K
}

