# JRE version: Java(TM) SE Runtime Environment (8.0_371) (build 1.8.0_371-b11)
# Java VM: Java HotSpot(TM) 64-Bit Server VM (25.371-b11 mixed mode windows-amd64 compressed oops)
Heap:
 PSYoungGen      total 46592K, used 23408K [0x00000000ee980000, 0x00000000f2680000, 0x0000000100000000)
  eden space 30720K, 74% used [0x00000000ee980000,0x00000000effda348,0x00000000f0780000)
  from space 15872K, 3% used [0x00000000f0780000,0x00000000f0801cc0,0x00000000f1700000)
  to   space 15360K, 0% used [0x00000000f1780000,0x00000000f1780000,0x00000000f2680000)
 ParOldGen       total 36864K, used 20580K [0x00000000cbc00000, 0x00000000ce000000, 0x00000000ee980000)
  object space 36864K, 55% used [0x00000000cbc00000,0x00000000cd019310,0x00000000ce000000)
 Metaspace       used 19516K, capacity 19770K, committed 20224K, reserved 1067008K
  class space    used 2437K, capacity 2505K, committed 2560K, reserved 1048576K
GC Heap History (10 events):
Event: 46.261 GC heap before
{Heap before GC invocations=5 (full 0):
 PSYoungGen      total 16384K, used 16371K [0x00000000ee980000, 0x00000000efb80000, 0x0000000100000000)
  eden space 14336K, 100% used [0x00000000ee980000,0x00000000ef780000,0x00000000ef780000)
  from space 2048K, 99% used [0x00000000ef980000,0x00000000efb7cdd8,0x00000000efb80000)
  to   space 2048K, 0% used [0x00000000ef780000,0x00000000ef780000,0x00000000ef980000)
 ParOldGen       total 36864K, used 18164K [0x00000000cbc00000, 0x00000000ce000000, 0x00000000ee980000)
  object space 36864K, 49% used [0x00000000cbc00000,0x00000000ccdbd288,0x00000000ce000000)
 Metaspace       used 18976K, capacity 19270K, committed 19712K, reserved 1067008K
  class space    used 2362K, capacity 2469K, committed 2560K, reserved 1048576K
Event: 46.265 GC heap after
Heap after GC invocations=5 (full 0):
 PSYoungGen      total 16384K, used 2035K [0x00000000ee980000, 0x00000000f1a80000, 0x0000000100000000)
  eden space 14336K, 0% used [0x00000000ee980000,0x00000000ee980000,0x00000000ef780000)
  from space 2048K, 99% used [0x00000000ef780000,0x00000000ef97cdd8,0x00000000ef980000)
  to   space 17920K, 0% used [0x00000000f0900000,0x00000000f0900000,0x00000000f1a80000)
 ParOldGen       total 36864K, used 18497K [0x00000000cbc00000, 0x00000000ce000000, 0x00000000ee980000)
  object space 36864K, 50% used [0x00000000cbc00000,0x00000000cce10648,0x00000000ce000000)
 Metaspace       used 18976K, capacity 19270K, committed 19712K, reserved 1067008K
  class space    used 2362K, capacity 2469K, committed 2560K, reserved 1048576K
}
Event: 46.374 GC heap before
{Heap before GC invocations=6 (full 0):
 PSYoungGen      total 16384K, used 16338K [0x00000000ee980000, 0x00000000f1a80000, 0x0000000100000000)
  eden space 14336K, 99% used [0x00000000ee980000,0x00000000ef777a28,0x00000000ef780000)
  from space 2048K, 99% used [0x00000000ef780000,0x00000000ef97cdd8,0x00000000ef980000)
  to   space 17920K, 0% used [0x00000000f0900000,0x00000000f0900000,0x00000000f1a80000)
 ParOldGen       total 36864K, used 18497K [0x00000000cbc00000, 0x00000000ce000000, 0x00000000ee980000)
  object space 36864K, 50% used [0x00000000cbc00000,0x00000000cce10648,0x00000000ce000000)
 Metaspace       used 18985K, capacity 19270K, committed 19712K, reserved 1067008K
  class space    used 2362K, capacity 2469K, committed 2560K, reserved 1048576K
Event: 46.379 GC heap after
Heap after GC invocations=6 (full 0):
 PSYoungGen      total 33280K, used 2273K [0x00000000ee980000, 0x00000000f2680000, 0x0000000100000000)
  eden space 15360K, 0% used [0x00000000ee980000,0x00000000ee980000,0x00000000ef880000)
  from space 17920K, 12% used [0x00000000f0900000,0x00000000f0b38718,0x00000000f1a80000)
  to   space 16896K, 0% used [0x00000000ef880000,0x00000000ef880000,0x00000000f0900000)
 ParOldGen       total 36864K, used 18497K [0x00000000cbc00000, 0x00000000ce000000, 0x00000000ee980000)
  object space 36864K, 50% used [0x00000000cbc00000,0x00000000cce10648,0x00000000ce000000)
 Metaspace       used 18985K, capacity 19270K, committed 19712K, reserved 1067008K
  class space    used 2362K, capacity 2469K, committed 2560K, reserved 1048576K
}
Event: 46.497 GC heap before
{Heap before GC invocations=7 (full 0):
 PSYoungGen      total 33280K, used 17633K [0x00000000ee980000, 0x00000000f2680000, 0x0000000100000000)
  eden space 15360K, 100% used [0x00000000ee980000,0x00000000ef880000,0x00000000ef880000)
  from space 17920K, 12% used [0x00000000f0900000,0x00000000f0b38718,0x00000000f1a80000)
  to   space 16896K, 0% used [0x00000000ef880000,0x00000000ef880000,0x00000000f0900000)
 ParOldGen       total 36864K, used 18497K [0x00000000cbc00000, 0x00000000ce000000, 0x00000000ee980000)
  object space 36864K, 50% used [0x00000000cbc00000,0x00000000cce10648,0x00000000ce000000)
 Metaspace       used 18988K, capacity 19270K, committed 19712K, reserved 1067008K
  class space    used 2362K, capacity 2469K, committed 2560K, reserved 1048576K
Event: 46.502 GC heap after
Heap after GC invocations=7 (full 0):
 PSYoungGen      total 32256K, used 263K [0x00000000ee980000, 0x00000000f2780000, 0x0000000100000000)
  eden space 15360K, 0% used [0x00000000ee980000,0x00000000ee980000,0x00000000ef880000)
  from space 16896K, 1% used [0x00000000ef880000,0x00000000ef8c1ca0,0x00000000f0900000)
  to   space 16384K, 0% used [0x00000000f1780000,0x00000000f1780000,0x00000000f2780000)
 ParOldGen       total 36864K, used 20497K [0x00000000cbc00000, 0x00000000ce000000, 0x00000000ee980000)
  object space 36864K, 55% used [0x00000000cbc00000,0x00000000cd004540,0x00000000ce000000)
 Metaspace       used 18988K, capacity 19270K, committed 19712K, reserved 1067008K
  class space    used 2362K, capacity 2469K, committed 2560K, reserved 1048576K
}
Event: 46.661 GC heap before
{Heap before GC invocations=8 (full 0):
 PSYoungGen      total 32256K, used 15590K [0x00000000ee980000, 0x00000000f2780000, 0x0000000100000000)
  eden space 15360K, 99% used [0x00000000ee980000,0x00000000ef877c10,0x00000000ef880000)
  from space 16896K, 1% used [0x00000000ef880000,0x00000000ef8c1ca0,0x00000000f0900000)
  to   space 16384K, 0% used [0x00000000f1780000,0x00000000f1780000,0x00000000f2780000)
 ParOldGen       total 36864K, used 20497K [0x00000000cbc00000, 0x00000000ce000000, 0x00000000ee980000)
  object space 36864K, 55% used [0x00000000cbc00000,0x00000000cd004540,0x00000000ce000000)
 Metaspace       used 19000K, capacity 19278K, committed 19712K, reserved 1067008K
  class space    used 2362K, capacity 2469K, committed 2560K, reserved 1048576K
Event: 46.662 GC heap after
Heap after GC invocations=8 (full 0):
 PSYoungGen      total 46080K, used 334K [0x00000000ee980000, 0x00000000f2680000, 0x0000000100000000)
  eden space 30720K, 0% used [0x00000000ee980000,0x00000000ee980000,0x00000000f0780000)
  from space 15360K, 2% used [0x00000000f1780000,0x00000000f17d3940,0x00000000f2680000)
  to   space 15872K, 0% used [0x00000000f0780000,0x00000000f0780000,0x00000000f1700000)
 ParOldGen       total 36864K, used 20537K [0x00000000cbc00000, 0x00000000ce000000, 0x00000000ee980000)
  object space 36864K, 55% used [0x00000000cbc00000,0x00000000cd00e540,0x00000000ce000000)
 Metaspace       used 19000K, capacity 19278K, committed 19712K, reserved 1067008K
  class space    used 2362K, capacity 2469K, committed 2560K, reserved 1048576K
}
Event: 47.790 GC heap before
{Heap before GC invocations=9 (full 0):
 PSYoungGen      total 46080K, used 31054K [0x00000000ee980000, 0x00000000f2680000, 0x0000000100000000)
  eden space 30720K, 100% used [0x00000000ee980000,0x00000000f0780000,0x00000000f0780000)
  from space 15360K, 2% used [0x00000000f1780000,0x00000000f17d3940,0x00000000f2680000)
  to   space 15872K, 0% used [0x00000000f0780000,0x00000000f0780000,0x00000000f1700000)
 ParOldGen       total 36864K, used 20537K [0x00000000cbc00000, 0x00000000ce000000, 0x00000000ee980000)
  object space 36864K, 55% used [0x00000000cbc00000,0x00000000cd00e540,0x00000000ce000000)
 Metaspace       used 19492K, capacity 19770K, committed 20224K, reserved 1067008K
  class space    used 2437K, capacity 2505K, committed 2560K, reserved 1048576K
Event: 47.793 GC heap after
Heap after GC invocations=9 (full 0):
 PSYoungGen      total 46592K, used 519K [0x00000000ee980000, 0x00000000f2680000, 0x0000000100000000)
  eden space 30720K, 0% used [0x00000000ee980000,0x00000000ee980000,0x00000000f0780000)
  from space 15872K, 3% used [0x00000000f0780000,0x00000000f0801cc0,0x00000000f1700000)
  to   space 15360K, 0% used [0x00000000f1780000,0x00000000f1780000,0x00000000f2680000)
 ParOldGen       total 36864K, used 20580K [0x00000000cbc00000, 0x00000000ce000000, 0x00000000ee980000)
  object space 36864K, 55% used [0x00000000cbc00000,0x00000000cd019310,0x00000000ce000000)
 Metaspace       used 19492K, capacity 19770K, committed 20224K, reserved 1067008K
  class space    used 2437K, capacity 2505K, committed 2560K, reserved 1048576K
}

