# JRE version: Java(TM) SE Runtime Environment (8.0_371) (build 1.8.0_371-b11)
# Java VM: Java HotSpot(TM) 64-Bit Server VM (25.371-b11 mixed mode windows-amd64 compressed oops)
Heap:
 PSYoungGen      total 16384K, used 16307K [0x00000000ee980000, 0x00000000efb80000, 0x0000000100000000)
  eden space 14336K, 99% used [0x00000000ee980000,0x00000000ef773f98,0x00000000ef780000)
  from space 2048K, 98% used [0x00000000ef980000,0x00000000efb78de8,0x00000000efb80000)
  to   space 2048K, 0% used [0x00000000ef780000,0x00000000ef780000,0x00000000ef980000)
 ParOldGen       total 36864K, used 19008K [0x00000000cbc00000, 0x00000000ce000000, 0x00000000ee980000)
  object space 36864K, 51% used [0x00000000cbc00000,0x00000000cce90088,0x00000000ce000000)
 Metaspace       used 19417K, capacity 19666K, committed 19968K, reserved 1067008K
  class space    used 2447K, capacity 2537K, committed 2560K, reserved 1048576K
GC Heap History (10 events):
Event: 2.028 GC heap after
Heap after GC invocations=1 (full 0):
 PSYoungGen      total 16384K, used 2016K [0x00000000ee980000, 0x00000000efb80000, 0x0000000100000000)
  eden space 14336K, 0% used [0x00000000ee980000,0x00000000ee980000,0x00000000ef780000)
  from space 2048K, 98% used [0x00000000ef780000,0x00000000ef978040,0x00000000ef980000)
  to   space 2048K, 0% used [0x00000000ef980000,0x00000000ef980000,0x00000000efb80000)
 ParOldGen       total 36864K, used 2235K [0x00000000cbc00000, 0x00000000ce000000, 0x00000000ee980000)
  object space 36864K, 6% used [0x00000000cbc00000,0x00000000cbe2ee60,0x00000000ce000000)
 Metaspace       used 15614K, capacity 15822K, committed 16000K, reserved 1062912K
  class space    used 2019K, capacity 2113K, committed 2176K, reserved 1048576K
}
Event: 9.433 GC heap before
{Heap before GC invocations=2 (full 0):
 PSYoungGen      total 16384K, used 16352K [0x00000000ee980000, 0x00000000efb80000, 0x0000000100000000)
  eden space 14336K, 100% used [0x00000000ee980000,0x00000000ef780000,0x00000000ef780000)
  from space 2048K, 98% used [0x00000000ef780000,0x00000000ef978040,0x00000000ef980000)
  to   space 2048K, 0% used [0x00000000ef980000,0x00000000ef980000,0x00000000efb80000)
 ParOldGen       total 36864K, used 2235K [0x00000000cbc00000, 0x00000000ce000000, 0x00000000ee980000)
  object space 36864K, 6% used [0x00000000cbc00000,0x00000000cbe2ee60,0x00000000ce000000)
 Metaspace       used 18156K, capacity 18406K, committed 18688K, reserved 1064960K
  class space    used 2326K, capacity 2437K, committed 2560K, reserved 1048576K
Event: 9.459 GC heap after
Heap after GC invocations=2 (full 0):
 PSYoungGen      total 16384K, used 2019K [0x00000000ee980000, 0x00000000efb80000, 0x0000000100000000)
  eden space 14336K, 0% used [0x00000000ee980000,0x00000000ee980000,0x00000000ef780000)
  from space 2048K, 98% used [0x00000000ef980000,0x00000000efb78de8,0x00000000efb80000)
  to   space 2048K, 0% used [0x00000000ef780000,0x00000000ef780000,0x00000000ef980000)
 ParOldGen       total 36864K, used 17376K [0x00000000cbc00000, 0x00000000ce000000, 0x00000000ee980000)
  object space 36864K, 47% used [0x00000000cbc00000,0x00000000cccf80d0,0x00000000ce000000)
 Metaspace       used 18156K, capacity 18406K, committed 18688K, reserved 1064960K
  class space    used 2326K, capacity 2437K, committed 2560K, reserved 1048576K
}
Event: 56.928 GC heap before
{Heap before GC invocations=3 (full 0):
 PSYoungGen      total 16384K, used 16307K [0x00000000ee980000, 0x00000000efb80000, 0x0000000100000000)
  eden space 14336K, 99% used [0x00000000ee980000,0x00000000ef773ee8,0x00000000ef780000)
  from space 2048K, 98% used [0x00000000ef980000,0x00000000efb78de8,0x00000000efb80000)
  to   space 2048K, 0% used [0x00000000ef780000,0x00000000ef780000,0x00000000ef980000)
 ParOldGen       total 36864K, used 17376K [0x00000000cbc00000, 0x00000000ce000000, 0x00000000ee980000)
  object space 36864K, 47% used [0x00000000cbc00000,0x00000000cccf80d0,0x00000000ce000000)
 Metaspace       used 18911K, capacity 19206K, committed 19456K, reserved 1067008K
  class space    used 2377K, capacity 2469K, committed 2560K, reserved 1048576K
Event: 56.934 GC heap after
Heap after GC invocations=3 (full 0):
 PSYoungGen      total 16384K, used 2035K [0x00000000ee980000, 0x00000000efb80000, 0x0000000100000000)
  eden space 14336K, 0% used [0x00000000ee980000,0x00000000ee980000,0x00000000ef780000)
  from space 2048K, 99% used [0x00000000ef780000,0x00000000ef97cdd8,0x00000000ef980000)
  to   space 2048K, 0% used [0x00000000ef980000,0x00000000ef980000,0x00000000efb80000)
 ParOldGen       total 36864K, used 17831K [0x00000000cbc00000, 0x00000000ce000000, 0x00000000ee980000)
  object space 36864K, 48% used [0x00000000cbc00000,0x00000000ccd69c48,0x00000000ce000000)
 Metaspace       used 18911K, capacity 19206K, committed 19456K, reserved 1067008K
  class space    used 2377K, capacity 2469K, committed 2560K, reserved 1048576K
}
Event: 57.179 GC heap before
{Heap before GC invocations=4 (full 0):
 PSYoungGen      total 16384K, used 16328K [0x00000000ee980000, 0x00000000efb80000, 0x0000000100000000)
  eden space 14336K, 99% used [0x00000000ee980000,0x00000000ef775250,0x00000000ef780000)
  from space 2048K, 99% used [0x00000000ef780000,0x00000000ef97cdd8,0x00000000ef980000)
  to   space 2048K, 0% used [0x00000000ef980000,0x00000000ef980000,0x00000000efb80000)
 ParOldGen       total 36864K, used 17831K [0x00000000cbc00000, 0x00000000ce000000, 0x00000000ee980000)
  object space 36864K, 48% used [0x00000000cbc00000,0x00000000ccd69c48,0x00000000ce000000)
 Metaspace       used 18946K, capacity 19206K, committed 19456K, reserved 1067008K
  class space    used 2377K, capacity 2469K, committed 2560K, reserved 1048576K
Event: 57.191 GC heap after
Heap after GC invocations=4 (full 0):
 PSYoungGen      total 16384K, used 2019K [0x00000000ee980000, 0x00000000efb80000, 0x0000000100000000)
  eden space 14336K, 0% used [0x00000000ee980000,0x00000000ee980000,0x00000000ef780000)
  from space 2048K, 98% used [0x00000000ef980000,0x00000000efb78de8,0x00000000efb80000)
  to   space 2048K, 0% used [0x00000000ef780000,0x00000000ef780000,0x00000000ef980000)
 ParOldGen       total 36864K, used 18104K [0x00000000cbc00000, 0x00000000ce000000, 0x00000000ee980000)
  object space 36864K, 49% used [0x00000000cbc00000,0x00000000ccdae3d8,0x00000000ce000000)
 Metaspace       used 18946K, capacity 19206K, committed 19456K, reserved 1067008K
  class space    used 2377K, capacity 2469K, committed 2560K, reserved 1048576K
}
Event: 57.729 GC heap before
{Heap before GC invocations=5 (full 0):
 PSYoungGen      total 16384K, used 16328K [0x00000000ee980000, 0x00000000efb80000, 0x0000000100000000)
  eden space 14336K, 99% used [0x00000000ee980000,0x00000000ef7794f8,0x00000000ef780000)
  from space 2048K, 98% used [0x00000000ef980000,0x00000000efb78de8,0x00000000efb80000)
  to   space 2048K, 0% used [0x00000000ef780000,0x00000000ef780000,0x00000000ef980000)
 ParOldGen       total 36864K, used 18104K [0x00000000cbc00000, 0x00000000ce000000, 0x00000000ee980000)
  object space 36864K, 49% used [0x00000000cbc00000,0x00000000ccdae3d8,0x00000000ce000000)
 Metaspace       used 19410K, capacity 19666K, committed 19968K, reserved 1067008K
  class space    used 2447K, capacity 2537K, committed 2560K, reserved 1048576K
Event: 57.738 GC heap after
Heap after GC invocations=5 (full 0):
 PSYoungGen      total 16384K, used 2019K [0x00000000ee980000, 0x00000000efb80000, 0x0000000100000000)
  eden space 14336K, 0% used [0x00000000ee980000,0x00000000ee980000,0x00000000ef780000)
  from space 2048K, 98% used [0x00000000ef780000,0x00000000ef978de8,0x00000000ef980000)
  to   space 2048K, 0% used [0x00000000ef980000,0x00000000ef980000,0x00000000efb80000)
 ParOldGen       total 36864K, used 18694K [0x00000000cbc00000, 0x00000000ce000000, 0x00000000ee980000)
  object space 36864K, 50% used [0x00000000cbc00000,0x00000000cce418f8,0x00000000ce000000)
 Metaspace       used 19410K, capacity 19666K, committed 19968K, reserved 1067008K
  class space    used 2447K, capacity 2537K, committed 2560K, reserved 1048576K
}
Event: 57.970 GC heap before
{Heap before GC invocations=6 (full 0):
 PSYoungGen      total 16384K, used 16350K [0x00000000ee980000, 0x00000000efb80000, 0x0000000100000000)
  eden space 14336K, 99% used [0x00000000ee980000,0x00000000ef77ec98,0x00000000ef780000)
  from space 2048K, 98% used [0x00000000ef780000,0x00000000ef978de8,0x00000000ef980000)
  to   space 2048K, 0% used [0x00000000ef980000,0x00000000ef980000,0x00000000efb80000)
 ParOldGen       total 36864K, used 18694K [0x00000000cbc00000, 0x00000000ce000000, 0x00000000ee980000)
  object space 36864K, 50% used [0x00000000cbc00000,0x00000000cce418f8,0x00000000ce000000)
 Metaspace       used 19417K, capacity 19666K, committed 19968K, reserved 1067008K
  class space    used 2447K, capacity 2537K, committed 2560K, reserved 1048576K

