# JRE version: Java(TM) SE Runtime Environment (8.0_371) (build 1.8.0_371-b11)
# Java VM: Java HotSpot(TM) 64-Bit Server VM (25.371-b11 mixed mode windows-amd64 compressed oops)
Heap:
 PSYoungGen      total 72192K, used 15418K [0x00000000ee980000, 0x00000000f3f80000, 0x0000000100000000)
  eden space 57344K, 24% used [0x00000000ee980000,0x00000000ef70e0d8,0x00000000f2180000)
  from space 14848K, 10% used [0x00000000f3100000,0x00000000f3280820,0x00000000f3f80000)
  to   space 15360K, 0% used [0x00000000f2180000,0x00000000f2180000,0x00000000f3080000)
 ParOldGen       total 36864K, used 23035K [0x00000000cbc00000, 0x00000000ce000000, 0x00000000ee980000)
  object space 36864K, 62% used [0x00000000cbc00000,0x00000000cd27ec30,0x00000000ce000000)
 Metaspace       used 19669K, capacity 19962K, committed 20352K, reserved 1067008K
  class space    used 2492K, capacity 2577K, committed 2688K, reserved 1048576K
GC Heap History (10 events):
Event: 3.031 GC heap before
{Heap before GC invocations=4 (full 0):
 PSYoungGen      total 16384K, used 16213K [0x00000000ee980000, 0x00000000f0980000, 0x0000000100000000)
  eden space 14336K, 99% used [0x00000000ee980000,0x00000000ef75c3e0,0x00000000ef780000)
  from space 2048K, 98% used [0x00000000ef780000,0x00000000ef979070,0x00000000ef980000)
  to   space 2048K, 0% used [0x00000000f0780000,0x00000000f0780000,0x00000000f0980000)
 ParOldGen       total 36864K, used 19142K [0x00000000cbc00000, 0x00000000ce000000, 0x00000000ee980000)
  object space 36864K, 51% used [0x00000000cbc00000,0x00000000cceb1af0,0x00000000ce000000)
 Metaspace       used 18881K, capacity 19162K, committed 19456K, reserved 1067008K
  class space    used 2455K, capacity 2545K, committed 2560K, reserved 1048576K
Event: 3.037 GC heap after
Heap after GC invocations=4 (full 0):
 PSYoungGen      total 30720K, used 2035K [0x00000000ee980000, 0x00000000f0980000, 0x0000000100000000)
  eden space 28672K, 0% used [0x00000000ee980000,0x00000000ee980000,0x00000000f0580000)
  from space 2048K, 99% used [0x00000000f0780000,0x00000000f097cdd8,0x00000000f0980000)
  to   space 2048K, 0% used [0x00000000f0580000,0x00000000f0580000,0x00000000f0780000)
 ParOldGen       total 36864K, used 20542K [0x00000000cbc00000, 0x00000000ce000000, 0x00000000ee980000)
  object space 36864K, 55% used [0x00000000cbc00000,0x00000000cd00f9c0,0x00000000ce000000)
 Metaspace       used 18881K, capacity 19162K, committed 19456K, reserved 1067008K
  class space    used 2455K, capacity 2545K, committed 2560K, reserved 1048576K
}
Event: 5.909 GC heap before
{Heap before GC invocations=5 (full 0):
 PSYoungGen      total 30720K, used 30707K [0x00000000ee980000, 0x00000000f0980000, 0x0000000100000000)
  eden space 28672K, 100% used [0x00000000ee980000,0x00000000f0580000,0x00000000f0580000)
  from space 2048K, 99% used [0x00000000f0780000,0x00000000f097cdd8,0x00000000f0980000)
  to   space 2048K, 0% used [0x00000000f0580000,0x00000000f0580000,0x00000000f0780000)
 ParOldGen       total 36864K, used 20542K [0x00000000cbc00000, 0x00000000ce000000, 0x00000000ee980000)
  object space 36864K, 55% used [0x00000000cbc00000,0x00000000cd00f9c0,0x00000000ce000000)
 Metaspace       used 19308K, capacity 19578K, committed 19840K, reserved 1067008K
  class space    used 2488K, capacity 2577K, committed 2688K, reserved 1048576K
Event: 5.914 GC heap after
Heap after GC invocations=5 (full 0):
 PSYoungGen      total 30720K, used 2035K [0x00000000ee980000, 0x00000000f4080000, 0x0000000100000000)
  eden space 28672K, 0% used [0x00000000ee980000,0x00000000ee980000,0x00000000f0580000)
  from space 2048K, 99% used [0x00000000f0580000,0x00000000f077cdd8,0x00000000f0780000)
  to   space 15872K, 0% used [0x00000000f3100000,0x00000000f3100000,0x00000000f4080000)
 ParOldGen       total 36864K, used 21041K [0x00000000cbc00000, 0x00000000ce000000, 0x00000000ee980000)
  object space 36864K, 57% used [0x00000000cbc00000,0x00000000cd08c4e0,0x00000000ce000000)
 Metaspace       used 19308K, capacity 19578K, committed 19840K, reserved 1067008K
  class space    used 2488K, capacity 2577K, committed 2688K, reserved 1048576K
}
Event: 6.184 GC heap before
{Heap before GC invocations=6 (full 0):
 PSYoungGen      total 30720K, used 30521K [0x00000000ee980000, 0x00000000f4080000, 0x0000000100000000)
  eden space 28672K, 99% used [0x00000000ee980000,0x00000000f0551950,0x00000000f0580000)
  from space 2048K, 99% used [0x00000000f0580000,0x00000000f077cdd8,0x00000000f0780000)
  to   space 15872K, 0% used [0x00000000f3100000,0x00000000f3100000,0x00000000f4080000)
 ParOldGen       total 36864K, used 21041K [0x00000000cbc00000, 0x00000000ce000000, 0x00000000ee980000)
  object space 36864K, 57% used [0x00000000cbc00000,0x00000000cd08c4e0,0x00000000ce000000)
 Metaspace       used 19375K, capacity 19706K, committed 20096K, reserved 1067008K
  class space    used 2488K, capacity 2577K, committed 2688K, reserved 1048576K
Event: 6.190 GC heap after
Heap after GC invocations=6 (full 0):
 PSYoungGen      total 72192K, used 3168K [0x00000000ee980000, 0x00000000f3f80000, 0x0000000100000000)
  eden space 57344K, 0% used [0x00000000ee980000,0x00000000ee980000,0x00000000f2180000)
  from space 14848K, 21% used [0x00000000f3100000,0x00000000f34181e0,0x00000000f3f80000)
  to   space 15360K, 0% used [0x00000000f2180000,0x00000000f2180000,0x00000000f3080000)
 ParOldGen       total 36864K, used 21041K [0x00000000cbc00000, 0x00000000ce000000, 0x00000000ee980000)
  object space 36864K, 57% used [0x00000000cbc00000,0x00000000cd08c4e0,0x00000000ce000000)
 Metaspace       used 19375K, capacity 19706K, committed 20096K, reserved 1067008K
  class space    used 2488K, capacity 2577K, committed 2688K, reserved 1048576K
}
Event: 7.493 GC heap before
{Heap before GC invocations=7 (full 0):
 PSYoungGen      total 72192K, used 60451K [0x00000000ee980000, 0x00000000f3f80000, 0x0000000100000000)
  eden space 57344K, 99% used [0x00000000ee980000,0x00000000f2170c70,0x00000000f2180000)
  from space 14848K, 21% used [0x00000000f3100000,0x00000000f34181e0,0x00000000f3f80000)
  to   space 15360K, 0% used [0x00000000f2180000,0x00000000f2180000,0x00000000f3080000)
 ParOldGen       total 36864K, used 21041K [0x00000000cbc00000, 0x00000000ce000000, 0x00000000ee980000)
  object space 36864K, 57% used [0x00000000cbc00000,0x00000000cd08c4e0,0x00000000ce000000)
 Metaspace       used 19518K, capacity 19834K, committed 20096K, reserved 1067008K
  class space    used 2492K, capacity 2577K, committed 2688K, reserved 1048576K
Event: 7.499 GC heap after
Heap after GC invocations=7 (full 0):
 PSYoungGen      total 72704K, used 1735K [0x00000000ee980000, 0x00000000f3f80000, 0x0000000100000000)
  eden space 57344K, 0% used [0x00000000ee980000,0x00000000ee980000,0x00000000f2180000)
  from space 15360K, 11% used [0x00000000f2180000,0x00000000f2331ed0,0x00000000f3080000)
  to   space 14848K, 0% used [0x00000000f3100000,0x00000000f3100000,0x00000000f3f80000)
 ParOldGen       total 36864K, used 22955K [0x00000000cbc00000, 0x00000000ce000000, 0x00000000ee980000)
  object space 36864K, 62% used [0x00000000cbc00000,0x00000000cd26ac30,0x00000000ce000000)
 Metaspace       used 19518K, capacity 19834K, committed 20096K, reserved 1067008K
  class space    used 2492K, capacity 2577K, committed 2688K, reserved 1048576K
}
Event: 8.719 GC heap before
{Heap before GC invocations=8 (full 0):
 PSYoungGen      total 72704K, used 58938K [0x00000000ee980000, 0x00000000f3f80000, 0x0000000100000000)
  eden space 57344K, 99% used [0x00000000ee980000,0x00000000f215cbd8,0x00000000f2180000)
  from space 15360K, 11% used [0x00000000f2180000,0x00000000f2331ed0,0x00000000f3080000)
  to   space 14848K, 0% used [0x00000000f3100000,0x00000000f3100000,0x00000000f3f80000)
 ParOldGen       total 36864K, used 22955K [0x00000000cbc00000, 0x00000000ce000000, 0x00000000ee980000)
  object space 36864K, 62% used [0x00000000cbc00000,0x00000000cd26ac30,0x00000000ce000000)
 Metaspace       used 19628K, capacity 19898K, committed 20352K, reserved 1067008K
  class space    used 2492K, capacity 2577K, committed 2688K, reserved 1048576K
Event: 8.721 GC heap after
Heap after GC invocations=8 (full 0):
 PSYoungGen      total 72192K, used 1538K [0x00000000ee980000, 0x00000000f3f80000, 0x0000000100000000)
  eden space 57344K, 0% used [0x00000000ee980000,0x00000000ee980000,0x00000000f2180000)
  from space 14848K, 10% used [0x00000000f3100000,0x00000000f3280820,0x00000000f3f80000)
  to   space 15360K, 0% used [0x00000000f2180000,0x00000000f2180000,0x00000000f3080000)
 ParOldGen       total 36864K, used 23035K [0x00000000cbc00000, 0x00000000ce000000, 0x00000000ee980000)
  object space 36864K, 62% used [0x00000000cbc00000,0x00000000cd27ec30,0x00000000ce000000)
 Metaspace       used 19628K, capacity 19898K, committed 20352K, reserved 1067008K
  class space    used 2492K, capacity 2577K, committed 2688K, reserved 1048576K
}

