# JRE version: Java(TM) SE Runtime Environment (8.0_371) (build 1.8.0_371-b11)
# Java VM: Java HotSpot(TM) 64-Bit Server VM (25.371-b11 mixed mode windows-amd64 compressed oops)
Heap:
 PSYoungGen      total 14848K, used 4380K [0x00000000ee980000, 0x00000000f1580000, 0x0000000100000000)
  eden space 14336K, 29% used [0x00000000ee980000,0x00000000eeda7330,0x00000000ef780000)
  from space 512K, 25% used [0x00000000ef780000,0x00000000ef7a0000,0x00000000ef800000)
  to   space 15360K, 0% used [0x00000000f0680000,0x00000000f0680000,0x00000000f1580000)
 ParOldGen       total 36864K, used 21270K [0x00000000cbc00000, 0x00000000ce000000, 0x00000000ee980000)
  object space 36864K, 57% used [0x00000000cbc00000,0x00000000cd0c59d0,0x00000000ce000000)
 Metaspace       used 13851K, capacity 14096K, committed 14464K, reserved 1062912K
  class space    used 1727K, capacity 1810K, committed 1920K, reserved 1048576K
GC Heap History (10 events):
Event: 154.807 GC heap before
{Heap before GC invocations=3 (full 0):
 PSYoungGen      total 16384K, used 16384K [0x00000000ee980000, 0x00000000efb80000, 0x0000000100000000)
  eden space 14336K, 100% used [0x00000000ee980000,0x00000000ef780000,0x00000000ef780000)
  from space 2048K, 100% used [0x00000000ef980000,0x00000000efb80000,0x00000000efb80000)
  to   space 2048K, 0% used [0x00000000ef780000,0x00000000ef780000,0x00000000ef980000)
 ParOldGen       total 36864K, used 19191K [0x00000000cbc00000, 0x00000000ce000000, 0x00000000ee980000)
  object space 36864K, 52% used [0x00000000cbc00000,0x00000000ccebde58,0x00000000ce000000)
 Metaspace       used 13826K, capacity 14084K, committed 14464K, reserved 1062912K
  class space    used 1723K, capacity 1806K, committed 1920K, reserved 1048576K
Event: 154.816 GC heap after
Heap after GC invocations=3 (full 0):
 PSYoungGen      total 16384K, used 2048K [0x00000000ee980000, 0x00000000efb80000, 0x0000000100000000)
  eden space 14336K, 0% used [0x00000000ee980000,0x00000000ee980000,0x00000000ef780000)
  from space 2048K, 100% used [0x00000000ef780000,0x00000000ef980000,0x00000000ef980000)
  to   space 2048K, 0% used [0x00000000ef980000,0x00000000ef980000,0x00000000efb80000)
 ParOldGen       total 36864K, used 19215K [0x00000000cbc00000, 0x00000000ce000000, 0x00000000ee980000)
  object space 36864K, 52% used [0x00000000cbc00000,0x00000000ccec3e58,0x00000000ce000000)
 Metaspace       used 13826K, capacity 14084K, committed 14464K, reserved 1062912K
  class space    used 1723K, capacity 1806K, committed 1920K, reserved 1048576K
}
Event: 302.329 GC heap before
{Heap before GC invocations=4 (full 0):
 PSYoungGen      total 16384K, used 16384K [0x00000000ee980000, 0x00000000efb80000, 0x0000000100000000)
  eden space 14336K, 100% used [0x00000000ee980000,0x00000000ef780000,0x00000000ef780000)
  from space 2048K, 100% used [0x00000000ef780000,0x00000000ef980000,0x00000000ef980000)
  to   space 2048K, 0% used [0x00000000ef980000,0x00000000ef980000,0x00000000efb80000)
 ParOldGen       total 36864K, used 19215K [0x00000000cbc00000, 0x00000000ce000000, 0x00000000ee980000)
  object space 36864K, 52% used [0x00000000cbc00000,0x00000000ccec3e58,0x00000000ce000000)
 Metaspace       used 13826K, capacity 14084K, committed 14464K, reserved 1062912K
  class space    used 1723K, capacity 1806K, committed 1920K, reserved 1048576K
Event: 302.337 GC heap after
Heap after GC invocations=4 (full 0):
 PSYoungGen      total 16384K, used 2048K [0x00000000ee980000, 0x00000000efb80000, 0x0000000100000000)
  eden space 14336K, 0% used [0x00000000ee980000,0x00000000ee980000,0x00000000ef780000)
  from space 2048K, 100% used [0x00000000ef980000,0x00000000efb80000,0x00000000efb80000)
  to   space 2048K, 0% used [0x00000000ef780000,0x00000000ef780000,0x00000000ef980000)
 ParOldGen       total 36864K, used 19231K [0x00000000cbc00000, 0x00000000ce000000, 0x00000000ee980000)
  object space 36864K, 52% used [0x00000000cbc00000,0x00000000ccec7e58,0x00000000ce000000)
 Metaspace       used 13826K, capacity 14084K, committed 14464K, reserved 1062912K
  class space    used 1723K, capacity 1806K, committed 1920K, reserved 1048576K
}
Event: 445.889 GC heap before
{Heap before GC invocations=5 (full 0):
 PSYoungGen      total 16384K, used 16384K [0x00000000ee980000, 0x00000000efb80000, 0x0000000100000000)
  eden space 14336K, 100% used [0x00000000ee980000,0x00000000ef780000,0x00000000ef780000)
  from space 2048K, 100% used [0x00000000ef980000,0x00000000efb80000,0x00000000efb80000)
  to   space 2048K, 0% used [0x00000000ef780000,0x00000000ef780000,0x00000000ef980000)
 ParOldGen       total 36864K, used 19231K [0x00000000cbc00000, 0x00000000ce000000, 0x00000000ee980000)
  object space 36864K, 52% used [0x00000000cbc00000,0x00000000ccec7e58,0x00000000ce000000)
 Metaspace       used 13832K, capacity 14084K, committed 14464K, reserved 1062912K
  class space    used 1723K, capacity 1806K, committed 1920K, reserved 1048576K
Event: 445.908 GC heap after
Heap after GC invocations=5 (full 0):
 PSYoungGen      total 16384K, used 2048K [0x00000000ee980000, 0x00000000f1780000, 0x0000000100000000)
  eden space 14336K, 0% used [0x00000000ee980000,0x00000000ee980000,0x00000000ef780000)
  from space 2048K, 100% used [0x00000000ef780000,0x00000000ef980000,0x00000000ef980000)
  to   space 16384K, 0% used [0x00000000f0780000,0x00000000f0780000,0x00000000f1780000)
 ParOldGen       total 36864K, used 19247K [0x00000000cbc00000, 0x00000000ce000000, 0x00000000ee980000)
  object space 36864K, 52% used [0x00000000cbc00000,0x00000000ccecbe58,0x00000000ce000000)
 Metaspace       used 13832K, capacity 14084K, committed 14464K, reserved 1062912K
  class space    used 1723K, capacity 1806K, committed 1920K, reserved 1048576K
}
Event: 586.519 GC heap before
{Heap before GC invocations=6 (full 0):
 PSYoungGen      total 16384K, used 16384K [0x00000000ee980000, 0x00000000f1780000, 0x0000000100000000)
  eden space 14336K, 100% used [0x00000000ee980000,0x00000000ef780000,0x00000000ef780000)
  from space 2048K, 100% used [0x00000000ef780000,0x00000000ef980000,0x00000000ef980000)
  to   space 16384K, 0% used [0x00000000f0780000,0x00000000f0780000,0x00000000f1780000)
 ParOldGen       total 36864K, used 19247K [0x00000000cbc00000, 0x00000000ce000000, 0x00000000ee980000)
  object space 36864K, 52% used [0x00000000cbc00000,0x00000000ccecbe58,0x00000000ce000000)
 Metaspace       used 13832K, capacity 14084K, committed 14464K, reserved 1062912K
  class space    used 1723K, capacity 1806K, committed 1920K, reserved 1048576K
Event: 586.535 GC heap after
Heap after GC invocations=6 (full 0):
 PSYoungGen      total 29696K, used 2032K [0x00000000ee980000, 0x00000000f1680000, 0x0000000100000000)
  eden space 14336K, 0% used [0x00000000ee980000,0x00000000ee980000,0x00000000ef780000)
  from space 15360K, 13% used [0x00000000f0780000,0x00000000f097c010,0x00000000f1680000)
  to   space 15872K, 0% used [0x00000000ef780000,0x00000000ef780000,0x00000000f0700000)
 ParOldGen       total 36864K, used 19247K [0x00000000cbc00000, 0x00000000ce000000, 0x00000000ee980000)
  object space 36864K, 52% used [0x00000000cbc00000,0x00000000ccecbe58,0x00000000ce000000)
 Metaspace       used 13832K, capacity 14084K, committed 14464K, reserved 1062912K
  class space    used 1723K, capacity 1806K, committed 1920K, reserved 1048576K
}
Event: 734.912 GC heap before
{Heap before GC invocations=7 (full 0):
 PSYoungGen      total 29696K, used 16368K [0x00000000ee980000, 0x00000000f1680000, 0x0000000100000000)
  eden space 14336K, 100% used [0x00000000ee980000,0x00000000ef780000,0x00000000ef780000)
  from space 15360K, 13% used [0x00000000f0780000,0x00000000f097c010,0x00000000f1680000)
  to   space 15872K, 0% used [0x00000000ef780000,0x00000000ef780000,0x00000000f0700000)
 ParOldGen       total 36864K, used 19247K [0x00000000cbc00000, 0x00000000ce000000, 0x00000000ee980000)
  object space 36864K, 52% used [0x00000000cbc00000,0x00000000ccecbe58,0x00000000ce000000)
 Metaspace       used 13832K, capacity 14084K, committed 14464K, reserved 1062912K
  class space    used 1723K, capacity 1806K, committed 1920K, reserved 1048576K
Event: 734.918 GC heap after
Heap after GC invocations=7 (full 0):
 PSYoungGen      total 14848K, used 128K [0x00000000ee980000, 0x00000000f1580000, 0x0000000100000000)
  eden space 14336K, 0% used [0x00000000ee980000,0x00000000ee980000,0x00000000ef780000)
  from space 512K, 25% used [0x00000000ef780000,0x00000000ef7a0000,0x00000000ef800000)
  to   space 15360K, 0% used [0x00000000f0680000,0x00000000f0680000,0x00000000f1580000)
 ParOldGen       total 36864K, used 21270K [0x00000000cbc00000, 0x00000000ce000000, 0x00000000ee980000)
  object space 36864K, 57% used [0x00000000cbc00000,0x00000000cd0c59d0,0x00000000ce000000)
 Metaspace       used 13832K, capacity 14084K, committed 14464K, reserved 1062912K
  class space    used 1723K, capacity 1806K, committed 1920K, reserved 1048576K
}

